11-25 10:19:39.579 [DefaultMetadataResolver-0-0] DEBUG o.e.a.c.b.BasicRepositoryConnector.lock:90 - Concurrent download of D:\project\2014_hhi\.m2\repository\com\nice\pilot\pilot-rule-dev\1.0.0-SNAPSHOT\maven-metadata-nice-repo.xml.part in progress, awaiting completion
11-25 10:19:39.703 [DefaultMetadataResolver-0-0] DEBUG o.e.a.c.b.BasicRepositoryConnector.runTask:435 - Concurrent download of D:\project\2014_hhi\.m2\repository\com\nice\pilot\pilot-rule-dev\1.0.0-SNAPSHOT\maven-metadata-nice-repo.xml just finished, skipping download
11-25 10:19:43.905 [main] DEBUG o.j.p.c.impl.DataTransformerRegistry.<init>:88 - Registered scripting language http://www.java.com/js with instance org.jbpm.process.core.transformation.JavaScriptingDataTransformer@25a517e9
11-25 10:19:43.921 [main] DEBUG o.j.p.c.impl.DataTransformerRegistry.<init>:88 - Registered scripting language http://www.java.com/rhino with instance org.jbpm.process.core.transformation.JavaScriptingDataTransformer@25a517e9
11-25 10:19:43.921 [main] DEBUG o.j.p.c.impl.DataTransformerRegistry.<init>:88 - Registered scripting language http://www.java.com/JavaScript with instance org.jbpm.process.core.transformation.JavaScriptingDataTransformer@25a517e9
11-25 10:19:43.922 [main] DEBUG o.j.p.c.impl.DataTransformerRegistry.<init>:88 - Registered scripting language http://www.java.com/javascript with instance org.jbpm.process.core.transformation.JavaScriptingDataTransformer@25a517e9
11-25 10:19:43.922 [main] DEBUG o.j.p.c.impl.DataTransformerRegistry.<init>:88 - Registered scripting language http://www.java.com/ECMAScript with instance org.jbpm.process.core.transformation.JavaScriptingDataTransformer@25a517e9
11-25 10:19:43.922 [main] DEBUG o.j.p.c.impl.DataTransformerRegistry.<init>:88 - Registered scripting language http://www.java.com/ecmascript with instance org.jbpm.process.core.transformation.JavaScriptingDataTransformer@25a517e9
11-25 10:19:46.917 [main] DEBUG c.n.pilot.consumer.RuleDataConsumer.handleDelivery:58 - telegram:MATCH1000           NICE001OSC001       0900100   001ABCD1234255.255.255.255cdabcdefg123456789a                                                                                                                                                      0551234567  01012345678                      
11-25 10:19:46.923 [main] DEBUG com.nicecredit.pilot.util.Utils.parseTelegram:103 - parse completed.
11-25 10:19:46.924 [main] DEBUG c.n.pilot.consumer.RuleDataConsumer.saveTelegram:111 - saving telegram.
11-25 10:19:46.996 [main] DEBUG org.jboss.logging.find:33 - Logging Provider: org.jboss.logging.Slf4jLoggerProvider
11-25 10:19:50.623 [main] DEBUG org.apache.ibatis.logging.LogFactory.setImplementation:135 - Logging initialized using 'class org.apache.ibatis.logging.slf4j.Slf4jImpl' adapter.
11-25 10:19:50.819 [main] DEBUG o.a.i.d.pooled.PooledDataSource.forceCloseAll:316 - PooledDataSource forcefully closed/removed all connections.
11-25 10:19:50.819 [main] DEBUG o.a.i.d.pooled.PooledDataSource.forceCloseAll:316 - PooledDataSource forcefully closed/removed all connections.
11-25 10:19:50.819 [main] DEBUG o.a.i.d.pooled.PooledDataSource.forceCloseAll:316 - PooledDataSource forcefully closed/removed all connections.
11-25 10:19:50.820 [main] DEBUG o.a.i.d.pooled.PooledDataSource.forceCloseAll:316 - PooledDataSource forcefully closed/removed all connections.
11-25 10:19:51.330 [main] DEBUG c.n.pilot.consumer.BaseConsumer.saveTelegram:116 - saved telegram.
11-25 10:19:51.611 [main] DEBUG o.i.c.h.i.t.tcp.TcpTransportFactory.start:105 - Statically configured servers: [nice-osc-db.cloudapp.net/23.99.106.81:11222]
11-25 10:19:51.611 [main] DEBUG o.i.c.h.i.t.tcp.TcpTransportFactory.start:106 - Load balancer class: org.infinispan.client.hotrod.impl.transport.tcp.RoundRobinBalancingStrategy
11-25 10:19:51.611 [main] DEBUG o.i.c.h.i.t.tcp.TcpTransportFactory.start:107 - Tcp no delay = true; client socket timeout = 60000 ms; connect timeout = 60000 ms
11-25 10:19:51.780 [main] INFO  o.i.client.hotrod.RemoteCacheManager.start:587 - ISPN004021: Infinispan version: 7.2.5.Final
11-25 10:19:51.838 [main] DEBUG o.i.c.hotrod.impl.RemoteCacheImpl.start:504 - Start called, nothing to do here()
11-25 10:19:51.839 [main] INFO  c.n.pilot.cache.InfinispanHandler.getInstance:71 - create InfinispanHandler instance.
11-25 10:19:51.985 [main] DEBUG c.n.pilot.rule.PilotRuleExecutor.execute:61 - InMemData is null.
11-25 10:19:52.151 [main] DEBUG c.n.p.rule.ProcessEventListenerImpl.beforeProcessStarted:42 - ============= Process ID: PilotRule.RuleFlow1 start.
11-25 10:19:52.170 [main] DEBUG c.n.p.rule.ProcessEventListenerImpl.beforeNodeTriggered:83 - [PilotRule.RuleFlow1] Node : 
11-25 10:19:52.172 [main] DEBUG c.n.p.rule.ProcessEventListenerImpl.beforeNodeTriggered:83 - [PilotRule.RuleFlow1] Node : CepEtc1
11-25 10:19:52.187 [main] DEBUG c.n.p.rule.ProcessEventListenerImpl.beforeNodeTriggered:83 - [PilotRule.RuleFlow1] Node : DrlRule1
11-25 10:19:52.188 [main] DEBUG c.n.p.rule.ProcessEventListenerImpl.beforeNodeTriggered:83 - [PilotRule.RuleFlow1] Node : xor1
11-25 10:19:52.189 [main] DEBUG c.n.p.rule.ProcessEventListenerImpl.beforeNodeTriggered:83 - [PilotRule.RuleFlow1] Node : Script3 : null
11-25 10:19:52.190 [main] DEBUG c.n.p.rule.ProcessEventListenerImpl.beforeNodeTriggered:83 - [PilotRule.RuleFlow1] Node : xor2
11-25 10:19:52.190 [main] DEBUG c.n.p.rule.ProcessEventListenerImpl.beforeNodeTriggered:83 - [PilotRule.RuleFlow1] Node : 
11-25 10:19:52.191 [main] DEBUG c.n.p.rule.ProcessEventListenerImpl.afterProcessCompleted:72 - ============= Process ID: PilotRule.RuleFlow1 end.
11-25 10:19:52.191 [main] DEBUG c.n.pilot.rule.PilotRuleExecutor.execute:77 - ------- result -----
11-25 10:19:52.191 [main] DEBUG c.n.pilot.rule.PilotRuleExecutor.execute:78 - 전문코드: MATCH, result1: 0000, result2: 0000, result3: null
11-25 10:19:52.192 [main] DEBUG c.n.pilot.consumer.RuleDataConsumer.saveResult:123 - saving result.
11-25 10:19:52.548 [main] DEBUG c.n.pilot.consumer.BaseConsumer.saveResult:162 - saved result.
11-25 10:19:52.549 [main] DEBUG c.n.p.consumer.MockRuleDataConsumer.sendAck:34 - send ack.
11-25 10:19:53.050 [main] DEBUG c.n.pilot.consumer.RuleDataConsumer.handleDelivery:58 - telegram:MATCH1000           NICE001OSC001       0900100   002ABCD1234255.255.255.255cdabcdefg123456789a                                                                                                                                                      0551234567  01012345678                      
11-25 10:19:53.051 [main] DEBUG com.nicecredit.pilot.util.Utils.parseTelegram:103 - parse completed.
11-25 10:19:53.052 [main] DEBUG c.n.pilot.consumer.RuleDataConsumer.saveTelegram:111 - saving telegram.
11-25 10:19:53.267 [main] DEBUG c.n.pilot.consumer.BaseConsumer.saveTelegram:116 - saved telegram.
11-25 10:19:53.310 [main] DEBUG c.n.pilot.rule.PilotRuleExecutor.execute:61 - InMemData is null.
11-25 10:19:53.313 [main] DEBUG c.n.p.rule.ProcessEventListenerImpl.beforeProcessStarted:42 - ============= Process ID: PilotRule.RuleFlow1 start.
11-25 10:19:53.313 [main] DEBUG c.n.p.rule.ProcessEventListenerImpl.beforeNodeTriggered:83 - [PilotRule.RuleFlow1] Node : 
11-25 10:19:53.314 [main] DEBUG c.n.p.rule.ProcessEventListenerImpl.beforeNodeTriggered:83 - [PilotRule.RuleFlow1] Node : CepEtc1
11-25 10:19:53.317 [main] DEBUG c.n.p.rule.ProcessEventListenerImpl.beforeNodeTriggered:83 - [PilotRule.RuleFlow1] Node : DrlRule1
11-25 10:19:53.318 [main] DEBUG c.n.p.rule.ProcessEventListenerImpl.beforeNodeTriggered:83 - [PilotRule.RuleFlow1] Node : xor1
11-25 10:19:53.319 [main] DEBUG c.n.p.rule.ProcessEventListenerImpl.beforeNodeTriggered:83 - [PilotRule.RuleFlow1] Node : Script3 : null
11-25 10:19:53.320 [main] DEBUG c.n.p.rule.ProcessEventListenerImpl.beforeNodeTriggered:83 - [PilotRule.RuleFlow1] Node : xor2
11-25 10:19:53.320 [main] DEBUG c.n.p.rule.ProcessEventListenerImpl.beforeNodeTriggered:83 - [PilotRule.RuleFlow1] Node : 
11-25 10:19:53.321 [main] DEBUG c.n.p.rule.ProcessEventListenerImpl.afterProcessCompleted:72 - ============= Process ID: PilotRule.RuleFlow1 end.
11-25 10:19:53.321 [main] DEBUG c.n.pilot.rule.PilotRuleExecutor.execute:77 - ------- result -----
11-25 10:19:53.322 [main] DEBUG c.n.pilot.rule.PilotRuleExecutor.execute:78 - 전문코드: MATCH, result1: 0000, result2: 0000, result3: null
11-25 10:19:53.322 [main] DEBUG c.n.pilot.consumer.RuleDataConsumer.saveResult:123 - saving result.
11-25 10:19:53.423 [main] DEBUG c.n.pilot.consumer.BaseConsumer.saveResult:162 - saved result.
11-25 10:19:53.424 [main] DEBUG c.n.p.consumer.MockRuleDataConsumer.sendAck:34 - send ack.
11-25 10:19:53.924 [main] DEBUG c.n.pilot.consumer.RuleDataConsumer.handleDelivery:58 - telegram:MATCH1000           NICE001OSC001       0900101   001ABCD1234255.255.255.255cdabcdefg123456789a                                                                                                                                                      0551234567  01012345678                      
11-25 10:19:53.925 [main] DEBUG com.nicecredit.pilot.util.Utils.parseTelegram:103 - parse completed.
11-25 10:19:53.926 [main] DEBUG c.n.pilot.consumer.RuleDataConsumer.saveTelegram:111 - saving telegram.
11-25 10:19:54.158 [main] DEBUG c.n.pilot.consumer.BaseConsumer.saveTelegram:116 - saved telegram.
11-25 10:19:54.202 [main] DEBUG c.n.pilot.rule.PilotRuleExecutor.execute:61 - InMemData is null.
11-25 10:19:54.204 [main] DEBUG c.n.p.rule.ProcessEventListenerImpl.beforeProcessStarted:42 - ============= Process ID: PilotRule.RuleFlow1 start.
11-25 10:19:54.205 [main] DEBUG c.n.p.rule.ProcessEventListenerImpl.beforeNodeTriggered:83 - [PilotRule.RuleFlow1] Node : 
11-25 10:19:54.206 [main] DEBUG c.n.p.rule.ProcessEventListenerImpl.beforeNodeTriggered:83 - [PilotRule.RuleFlow1] Node : CepEtc1
11-25 10:19:54.209 [main] DEBUG c.n.p.rule.ProcessEventListenerImpl.beforeNodeTriggered:83 - [PilotRule.RuleFlow1] Node : DrlRule1
11-25 10:19:54.210 [main] DEBUG c.n.p.rule.ProcessEventListenerImpl.beforeNodeTriggered:83 - [PilotRule.RuleFlow1] Node : xor1
11-25 10:19:54.211 [main] DEBUG c.n.p.rule.ProcessEventListenerImpl.beforeNodeTriggered:83 - [PilotRule.RuleFlow1] Node : Script3 : null
11-25 10:19:54.211 [main] DEBUG c.n.p.rule.ProcessEventListenerImpl.beforeNodeTriggered:83 - [PilotRule.RuleFlow1] Node : xor2
11-25 10:19:54.212 [main] DEBUG c.n.p.rule.ProcessEventListenerImpl.beforeNodeTriggered:83 - [PilotRule.RuleFlow1] Node : 
11-25 10:19:54.213 [main] DEBUG c.n.p.rule.ProcessEventListenerImpl.afterProcessCompleted:72 - ============= Process ID: PilotRule.RuleFlow1 end.
11-25 10:19:54.214 [main] DEBUG c.n.pilot.rule.PilotRuleExecutor.execute:77 - ------- result -----
11-25 10:19:54.214 [main] DEBUG c.n.pilot.rule.PilotRuleExecutor.execute:78 - 전문코드: MATCH, result1: 0000, result2: 0000, result3: null
11-25 10:19:54.214 [main] DEBUG c.n.pilot.consumer.RuleDataConsumer.saveResult:123 - saving result.
11-25 10:19:54.314 [main] DEBUG c.n.pilot.consumer.BaseConsumer.saveResult:162 - saved result.
11-25 10:19:54.314 [main] DEBUG c.n.p.consumer.MockRuleDataConsumer.sendAck:34 - send ack.
11-25 10:19:54.815 [main] DEBUG c.n.pilot.consumer.RuleDataConsumer.handleDelivery:58 - telegram:MATCH1000           NICE001OSC001       0900102   001ABCD1234255.255.255.255cdabcdefg123456789a                                                                                                                                                      0551234567  01012345678                      
11-25 10:19:54.816 [main] DEBUG com.nicecredit.pilot.util.Utils.parseTelegram:103 - parse completed.
11-25 10:19:54.816 [main] DEBUG c.n.pilot.consumer.RuleDataConsumer.saveTelegram:111 - saving telegram.
11-25 10:19:55.045 [main] DEBUG c.n.pilot.consumer.BaseConsumer.saveTelegram:116 - saved telegram.
11-25 10:19:55.086 [main] DEBUG c.n.pilot.rule.PilotRuleExecutor.execute:61 - InMemData is null.
11-25 10:19:55.088 [main] DEBUG c.n.p.rule.ProcessEventListenerImpl.beforeProcessStarted:42 - ============= Process ID: PilotRule.RuleFlow1 start.
11-25 10:19:55.088 [main] DEBUG c.n.p.rule.ProcessEventListenerImpl.beforeNodeTriggered:83 - [PilotRule.RuleFlow1] Node : 
11-25 10:19:55.089 [main] DEBUG c.n.p.rule.ProcessEventListenerImpl.beforeNodeTriggered:83 - [PilotRule.RuleFlow1] Node : CepEtc1
11-25 10:19:55.091 [main] DEBUG c.n.p.rule.ProcessEventListenerImpl.beforeNodeTriggered:83 - [PilotRule.RuleFlow1] Node : DrlRule1
11-25 10:19:55.091 [main] DEBUG c.n.p.rule.ProcessEventListenerImpl.beforeNodeTriggered:83 - [PilotRule.RuleFlow1] Node : xor1
11-25 10:19:55.092 [main] DEBUG c.n.p.rule.ProcessEventListenerImpl.beforeNodeTriggered:83 - [PilotRule.RuleFlow1] Node : Script3 : null
11-25 10:19:55.093 [main] DEBUG c.n.p.rule.ProcessEventListenerImpl.beforeNodeTriggered:83 - [PilotRule.RuleFlow1] Node : xor2
11-25 10:19:55.093 [main] DEBUG c.n.p.rule.ProcessEventListenerImpl.beforeNodeTriggered:83 - [PilotRule.RuleFlow1] Node : 
11-25 10:19:55.094 [main] DEBUG c.n.p.rule.ProcessEventListenerImpl.afterProcessCompleted:72 - ============= Process ID: PilotRule.RuleFlow1 end.
11-25 10:19:55.094 [main] DEBUG c.n.pilot.rule.PilotRuleExecutor.execute:77 - ------- result -----
11-25 10:19:55.094 [main] DEBUG c.n.pilot.rule.PilotRuleExecutor.execute:78 - 전문코드: MATCH, result1: ER02, result2: ER03, result3: null
11-25 10:19:55.095 [main] DEBUG c.n.pilot.rule.PilotRuleExecutor.execute:89 - rule id: CepEtc1_1, appl_cnt: 3
11-25 10:19:55.095 [main] DEBUG c.n.pilot.rule.PilotRuleExecutor.execute:89 - rule id: CepEtc2_1, appl_cnt: 3
11-25 10:19:55.095 [main] DEBUG c.n.pilot.consumer.RuleDataConsumer.saveResult:123 - saving result.
11-25 10:19:55.282 [main] DEBUG c.n.pilot.consumer.BaseConsumer.saveResult:162 - saved result.
11-25 10:19:55.283 [main] DEBUG c.n.p.consumer.MockRuleDataConsumer.sendAck:34 - send ack.
11-25 10:19:55.783 [main] DEBUG c.n.pilot.consumer.RuleDataConsumer.handleDelivery:58 - telegram:MATCH1000           NICE001OSC001       0900103   001ABCD1234255.255.255.255cdabcdefg123456789a                                                                                                                                                      0551234567  01012345678                      
11-25 10:19:55.784 [main] DEBUG com.nicecredit.pilot.util.Utils.parseTelegram:103 - parse completed.
11-25 10:19:55.784 [main] DEBUG c.n.pilot.consumer.RuleDataConsumer.saveTelegram:111 - saving telegram.
11-25 10:19:56.003 [main] DEBUG c.n.pilot.consumer.BaseConsumer.saveTelegram:116 - saved telegram.
11-25 10:19:56.045 [main] DEBUG c.n.pilot.rule.PilotRuleExecutor.execute:61 - InMemData is null.
11-25 10:19:56.048 [main] DEBUG c.n.p.rule.ProcessEventListenerImpl.beforeProcessStarted:42 - ============= Process ID: PilotRule.RuleFlow1 start.
11-25 10:19:56.048 [main] DEBUG c.n.p.rule.ProcessEventListenerImpl.beforeNodeTriggered:83 - [PilotRule.RuleFlow1] Node : 
11-25 10:19:56.049 [main] DEBUG c.n.p.rule.ProcessEventListenerImpl.beforeNodeTriggered:83 - [PilotRule.RuleFlow1] Node : CepEtc1
11-25 10:19:56.052 [main] DEBUG c.n.p.rule.ProcessEventListenerImpl.beforeNodeTriggered:83 - [PilotRule.RuleFlow1] Node : DrlRule1
11-25 10:19:56.052 [main] DEBUG c.n.p.rule.ProcessEventListenerImpl.beforeNodeTriggered:83 - [PilotRule.RuleFlow1] Node : xor1
11-25 10:19:56.053 [main] DEBUG c.n.p.rule.ProcessEventListenerImpl.beforeNodeTriggered:83 - [PilotRule.RuleFlow1] Node : Script3 : null
11-25 10:19:56.054 [main] DEBUG c.n.p.rule.ProcessEventListenerImpl.beforeNodeTriggered:83 - [PilotRule.RuleFlow1] Node : xor2
11-25 10:19:56.054 [main] DEBUG c.n.p.rule.ProcessEventListenerImpl.beforeNodeTriggered:83 - [PilotRule.RuleFlow1] Node : 
11-25 10:19:56.055 [main] DEBUG c.n.p.rule.ProcessEventListenerImpl.afterProcessCompleted:72 - ============= Process ID: PilotRule.RuleFlow1 end.
11-25 10:19:56.056 [main] DEBUG c.n.pilot.rule.PilotRuleExecutor.execute:77 - ------- result -----
11-25 10:19:56.057 [main] DEBUG c.n.pilot.rule.PilotRuleExecutor.execute:78 - 전문코드: MATCH, result1: ER02, result2: ER03, result3: null
11-25 10:19:56.057 [main] DEBUG c.n.pilot.rule.PilotRuleExecutor.execute:89 - rule id: CepEtc1_1, appl_cnt: 4
11-25 10:19:56.058 [main] DEBUG c.n.pilot.rule.PilotRuleExecutor.execute:89 - rule id: CepEtc2_1, appl_cnt: 4
11-25 10:19:56.058 [main] DEBUG c.n.pilot.consumer.RuleDataConsumer.saveResult:123 - saving result.
11-25 10:19:56.236 [main] DEBUG c.n.pilot.consumer.BaseConsumer.saveResult:162 - saved result.
11-25 10:19:56.237 [main] DEBUG c.n.p.consumer.MockRuleDataConsumer.sendAck:34 - send ack.
11-25 10:47:38.611 [DefaultMetadataResolver-0-3] DEBUG o.e.a.c.b.BasicRepositoryConnector.lock:90 - Concurrent download of D:\project\2014_hhi\.m2\repository\com\nice\pilot\cep-rule-dev\1.0.0-SNAPSHOT\maven-metadata-nice-repo.xml.part in progress, awaiting completion
11-25 10:47:38.718 [DefaultMetadataResolver-0-3] DEBUG o.e.a.c.b.BasicRepositoryConnector.runTask:435 - Concurrent download of D:\project\2014_hhi\.m2\repository\com\nice\pilot\cep-rule-dev\1.0.0-SNAPSHOT\maven-metadata-nice-repo.xml just finished, skipping download
11-25 10:47:39.251 [DefaultMetadataResolver-1-3] DEBUG o.e.a.c.b.BasicRepositoryConnector.lock:90 - Concurrent download of D:\project\2014_hhi\.m2\repository\com\nice\pilot\pilot-rule-dev\1.0.0-SNAPSHOT\maven-metadata-nice-repo.xml.part in progress, awaiting completion
11-25 10:47:39.353 [DefaultMetadataResolver-1-3] DEBUG o.e.a.c.b.BasicRepositoryConnector.runTask:435 - Concurrent download of D:\project\2014_hhi\.m2\repository\com\nice\pilot\pilot-rule-dev\1.0.0-SNAPSHOT\maven-metadata-nice-repo.xml just finished, skipping download
11-25 10:47:41.269 [main] DEBUG o.j.p.c.impl.DataTransformerRegistry.<init>:88 - Registered scripting language http://www.java.com/js with instance org.jbpm.process.core.transformation.JavaScriptingDataTransformer@7f6bc966
11-25 10:47:41.271 [main] DEBUG o.j.p.c.impl.DataTransformerRegistry.<init>:88 - Registered scripting language http://www.java.com/rhino with instance org.jbpm.process.core.transformation.JavaScriptingDataTransformer@7f6bc966
11-25 10:47:41.271 [main] DEBUG o.j.p.c.impl.DataTransformerRegistry.<init>:88 - Registered scripting language http://www.java.com/JavaScript with instance org.jbpm.process.core.transformation.JavaScriptingDataTransformer@7f6bc966
11-25 10:47:41.271 [main] DEBUG o.j.p.c.impl.DataTransformerRegistry.<init>:88 - Registered scripting language http://www.java.com/javascript with instance org.jbpm.process.core.transformation.JavaScriptingDataTransformer@7f6bc966
11-25 10:47:41.271 [main] DEBUG o.j.p.c.impl.DataTransformerRegistry.<init>:88 - Registered scripting language http://www.java.com/ECMAScript with instance org.jbpm.process.core.transformation.JavaScriptingDataTransformer@7f6bc966
11-25 10:47:41.272 [main] DEBUG o.j.p.c.impl.DataTransformerRegistry.<init>:88 - Registered scripting language http://www.java.com/ecmascript with instance org.jbpm.process.core.transformation.JavaScriptingDataTransformer@7f6bc966
11-25 10:47:44.570 [main] DEBUG c.n.pilot.consumer.CEPDataConsumer.handleDelivery:60 - telegram:REGIT1000           NICE001OSC001       0900100   001ABCD12341RSCD000120151030111                   
11-25 10:47:44.572 [main] DEBUG com.nicecredit.pilot.util.Utils.parseTelegram:103 - parse completed.
11-25 10:47:44.586 [main] DEBUG org.jboss.logging.find:33 - Logging Provider: org.jboss.logging.Slf4jLoggerProvider
11-25 10:47:46.366 [main] DEBUG org.apache.ibatis.logging.LogFactory.setImplementation:135 - Logging initialized using 'class org.apache.ibatis.logging.slf4j.Slf4jImpl' adapter.
11-25 10:47:46.510 [main] DEBUG o.a.i.d.pooled.PooledDataSource.forceCloseAll:316 - PooledDataSource forcefully closed/removed all connections.
11-25 10:47:46.511 [main] DEBUG o.a.i.d.pooled.PooledDataSource.forceCloseAll:316 - PooledDataSource forcefully closed/removed all connections.
11-25 10:47:46.511 [main] DEBUG o.a.i.d.pooled.PooledDataSource.forceCloseAll:316 - PooledDataSource forcefully closed/removed all connections.
11-25 10:47:46.511 [main] DEBUG o.a.i.d.pooled.PooledDataSource.forceCloseAll:316 - PooledDataSource forcefully closed/removed all connections.
11-25 10:47:46.836 [main] ERROR c.n.pilot.consumer.CEPDataConsumer.handleDelivery:107 - java.lang.IllegalArgumentException: Parameter with that position [0] did not exist
java.lang.IllegalArgumentException: Parameter with that position [0] did not exist
	at org.hibernate.jpa.spi.BaseQueryImpl.findParameterRegistration(BaseQueryImpl.java:518) ~[hibernate-entitymanager-4.3.11.Final.jar:4.3.11.Final]
	at org.hibernate.jpa.spi.BaseQueryImpl.setParameter(BaseQueryImpl.java:674) ~[hibernate-entitymanager-4.3.11.Final.jar:4.3.11.Final]
	at org.hibernate.jpa.spi.AbstractQueryImpl.setParameter(AbstractQueryImpl.java:198) ~[hibernate-entitymanager-4.3.11.Final.jar:4.3.11.Final]
	at org.hibernate.jpa.spi.AbstractQueryImpl.setParameter(AbstractQueryImpl.java:49) ~[hibernate-entitymanager-4.3.11.Final.jar:4.3.11.Final]
	at com.nicecredit.pilot.consumer.CEPDataConsumer.profiling(CEPDataConsumer.java:159) ~[classes/:na]
	at com.nicecredit.pilot.consumer.CEPDataConsumer.handleDelivery(CEPDataConsumer.java:80) ~[classes/:na]
	at com.nicecredit.pilot.consumer.CEPDataConsumerTest.testHandleDeliveryREGIT(CEPDataConsumerTest.java:121) [test-classes/:na]
	at sun.reflect.NativeMethodAccessorImpl.invoke0(Native Method) ~[na:1.7.0_71]
	at sun.reflect.NativeMethodAccessorImpl.invoke(NativeMethodAccessorImpl.java:57) ~[na:1.7.0_71]
	at sun.reflect.DelegatingMethodAccessorImpl.invoke(DelegatingMethodAccessorImpl.java:43) ~[na:1.7.0_71]
	at java.lang.reflect.Method.invoke(Method.java:606) ~[na:1.7.0_71]
	at org.junit.runners.model.FrameworkMethod$1.runReflectiveCall(FrameworkMethod.java:50) [junit-4.12.jar:4.12]
	at org.junit.internal.runners.model.ReflectiveCallable.run(ReflectiveCallable.java:12) [junit-4.12.jar:4.12]
	at org.junit.runners.model.FrameworkMethod.invokeExplosively(FrameworkMethod.java:47) [junit-4.12.jar:4.12]
	at org.junit.internal.runners.statements.InvokeMethod.evaluate(InvokeMethod.java:17) [junit-4.12.jar:4.12]
	at org.junit.internal.runners.statements.RunBefores.evaluate(RunBefores.java:26) [junit-4.12.jar:4.12]
	at org.junit.internal.runners.statements.RunAfters.evaluate(RunAfters.java:27) [junit-4.12.jar:4.12]
	at org.junit.runners.ParentRunner.runLeaf(ParentRunner.java:325) [junit-4.12.jar:4.12]
	at org.junit.runners.BlockJUnit4ClassRunner.runChild(BlockJUnit4ClassRunner.java:78) [junit-4.12.jar:4.12]
	at org.junit.runners.BlockJUnit4ClassRunner.runChild(BlockJUnit4ClassRunner.java:57) [junit-4.12.jar:4.12]
	at org.junit.runners.ParentRunner$3.run(ParentRunner.java:290) [junit-4.12.jar:4.12]
	at org.junit.runners.ParentRunner$1.schedule(ParentRunner.java:71) [junit-4.12.jar:4.12]
	at org.junit.runners.ParentRunner.runChildren(ParentRunner.java:288) [junit-4.12.jar:4.12]
	at org.junit.runners.ParentRunner.access$000(ParentRunner.java:58) [junit-4.12.jar:4.12]
	at org.junit.runners.ParentRunner$2.evaluate(ParentRunner.java:268) [junit-4.12.jar:4.12]
	at org.junit.internal.runners.statements.RunBefores.evaluate(RunBefores.java:26) [junit-4.12.jar:4.12]
	at org.junit.internal.runners.statements.RunAfters.evaluate(RunAfters.java:27) [junit-4.12.jar:4.12]
	at org.junit.runners.ParentRunner.run(ParentRunner.java:363) [junit-4.12.jar:4.12]
	at org.eclipse.jdt.internal.junit4.runner.JUnit4TestReference.run(JUnit4TestReference.java:50) [.cp/:na]
	at org.eclipse.jdt.internal.junit.runner.TestExecution.run(TestExecution.java:38) [.cp/:na]
	at org.eclipse.jdt.internal.junit.runner.RemoteTestRunner.runTests(RemoteTestRunner.java:467) [.cp/:na]
	at org.eclipse.jdt.internal.junit.runner.RemoteTestRunner.runTests(RemoteTestRunner.java:683) [.cp/:na]
	at org.eclipse.jdt.internal.junit.runner.RemoteTestRunner.run(RemoteTestRunner.java:390) [.cp/:na]
	at org.eclipse.jdt.internal.junit.runner.RemoteTestRunner.main(RemoteTestRunner.java:197) [.cp/:na]
11-25 10:47:46.837 [main] DEBUG c.n.pilot.consumer.CEPDataConsumer.saveResult:182 - saving result.
11-25 10:47:46.988 [main] DEBUG c.n.pilot.consumer.BaseConsumer.saveResult:162 - saved result.
11-25 10:47:46.991 [main] DEBUG c.n.p.consumer.MockCEPDataConsumer.sendAck:33 - send ack.
11-25 10:47:47.491 [main] DEBUG c.n.pilot.consumer.CEPDataConsumer.handleDelivery:60 - telegram:REGIT1000           NICE001OSC001       0900101   001ABCD12341RSCD000120151030111                   
11-25 10:47:47.492 [main] DEBUG com.nicecredit.pilot.util.Utils.parseTelegram:103 - parse completed.
11-25 10:47:47.494 [main] ERROR c.n.pilot.consumer.CEPDataConsumer.handleDelivery:107 - java.lang.IllegalArgumentException: Parameter with that position [0] did not exist
java.lang.IllegalArgumentException: Parameter with that position [0] did not exist
	at org.hibernate.jpa.spi.BaseQueryImpl.findParameterRegistration(BaseQueryImpl.java:518) ~[hibernate-entitymanager-4.3.11.Final.jar:4.3.11.Final]
	at org.hibernate.jpa.spi.BaseQueryImpl.setParameter(BaseQueryImpl.java:674) ~[hibernate-entitymanager-4.3.11.Final.jar:4.3.11.Final]
	at org.hibernate.jpa.spi.AbstractQueryImpl.setParameter(AbstractQueryImpl.java:198) ~[hibernate-entitymanager-4.3.11.Final.jar:4.3.11.Final]
	at org.hibernate.jpa.spi.AbstractQueryImpl.setParameter(AbstractQueryImpl.java:49) ~[hibernate-entitymanager-4.3.11.Final.jar:4.3.11.Final]
	at com.nicecredit.pilot.consumer.CEPDataConsumer.profiling(CEPDataConsumer.java:159) ~[classes/:na]
	at com.nicecredit.pilot.consumer.CEPDataConsumer.handleDelivery(CEPDataConsumer.java:80) ~[classes/:na]
	at com.nicecredit.pilot.consumer.CEPDataConsumerTest.testHandleDeliveryREGIT(CEPDataConsumerTest.java:121) [test-classes/:na]
	at sun.reflect.NativeMethodAccessorImpl.invoke0(Native Method) ~[na:1.7.0_71]
	at sun.reflect.NativeMethodAccessorImpl.invoke(NativeMethodAccessorImpl.java:57) ~[na:1.7.0_71]
	at sun.reflect.DelegatingMethodAccessorImpl.invoke(DelegatingMethodAccessorImpl.java:43) ~[na:1.7.0_71]
	at java.lang.reflect.Method.invoke(Method.java:606) ~[na:1.7.0_71]
	at org.junit.runners.model.FrameworkMethod$1.runReflectiveCall(FrameworkMethod.java:50) [junit-4.12.jar:4.12]
	at org.junit.internal.runners.model.ReflectiveCallable.run(ReflectiveCallable.java:12) [junit-4.12.jar:4.12]
	at org.junit.runners.model.FrameworkMethod.invokeExplosively(FrameworkMethod.java:47) [junit-4.12.jar:4.12]
	at org.junit.internal.runners.statements.InvokeMethod.evaluate(InvokeMethod.java:17) [junit-4.12.jar:4.12]
	at org.junit.internal.runners.statements.RunBefores.evaluate(RunBefores.java:26) [junit-4.12.jar:4.12]
	at org.junit.internal.runners.statements.RunAfters.evaluate(RunAfters.java:27) [junit-4.12.jar:4.12]
	at org.junit.runners.ParentRunner.runLeaf(ParentRunner.java:325) [junit-4.12.jar:4.12]
	at org.junit.runners.BlockJUnit4ClassRunner.runChild(BlockJUnit4ClassRunner.java:78) [junit-4.12.jar:4.12]
	at org.junit.runners.BlockJUnit4ClassRunner.runChild(BlockJUnit4ClassRunner.java:57) [junit-4.12.jar:4.12]
	at org.junit.runners.ParentRunner$3.run(ParentRunner.java:290) [junit-4.12.jar:4.12]
	at org.junit.runners.ParentRunner$1.schedule(ParentRunner.java:71) [junit-4.12.jar:4.12]
	at org.junit.runners.ParentRunner.runChildren(ParentRunner.java:288) [junit-4.12.jar:4.12]
	at org.junit.runners.ParentRunner.access$000(ParentRunner.java:58) [junit-4.12.jar:4.12]
	at org.junit.runners.ParentRunner$2.evaluate(ParentRunner.java:268) [junit-4.12.jar:4.12]
	at org.junit.internal.runners.statements.RunBefores.evaluate(RunBefores.java:26) [junit-4.12.jar:4.12]
	at org.junit.internal.runners.statements.RunAfters.evaluate(RunAfters.java:27) [junit-4.12.jar:4.12]
	at org.junit.runners.ParentRunner.run(ParentRunner.java:363) [junit-4.12.jar:4.12]
	at org.eclipse.jdt.internal.junit4.runner.JUnit4TestReference.run(JUnit4TestReference.java:50) [.cp/:na]
	at org.eclipse.jdt.internal.junit.runner.TestExecution.run(TestExecution.java:38) [.cp/:na]
	at org.eclipse.jdt.internal.junit.runner.RemoteTestRunner.runTests(RemoteTestRunner.java:467) [.cp/:na]
	at org.eclipse.jdt.internal.junit.runner.RemoteTestRunner.runTests(RemoteTestRunner.java:683) [.cp/:na]
	at org.eclipse.jdt.internal.junit.runner.RemoteTestRunner.run(RemoteTestRunner.java:390) [.cp/:na]
	at org.eclipse.jdt.internal.junit.runner.RemoteTestRunner.main(RemoteTestRunner.java:197) [.cp/:na]
11-25 10:47:47.496 [main] DEBUG c.n.pilot.consumer.CEPDataConsumer.saveResult:182 - saving result.
11-25 10:47:47.597 [main] DEBUG c.n.pilot.consumer.BaseConsumer.saveResult:162 - saved result.
11-25 10:47:47.598 [main] DEBUG c.n.p.consumer.MockCEPDataConsumer.sendAck:33 - send ack.
11-25 10:47:48.099 [main] DEBUG c.n.pilot.consumer.CEPDataConsumer.handleDelivery:60 - telegram:REGIT1000           NICE001OSC001       0900102   001ABCD12341RSCD000120151030111                   
11-25 10:47:48.100 [main] DEBUG com.nicecredit.pilot.util.Utils.parseTelegram:103 - parse completed.
11-25 10:47:48.102 [main] ERROR c.n.pilot.consumer.CEPDataConsumer.handleDelivery:107 - java.lang.IllegalArgumentException: Parameter with that position [0] did not exist
java.lang.IllegalArgumentException: Parameter with that position [0] did not exist
	at org.hibernate.jpa.spi.BaseQueryImpl.findParameterRegistration(BaseQueryImpl.java:518) ~[hibernate-entitymanager-4.3.11.Final.jar:4.3.11.Final]
	at org.hibernate.jpa.spi.BaseQueryImpl.setParameter(BaseQueryImpl.java:674) ~[hibernate-entitymanager-4.3.11.Final.jar:4.3.11.Final]
	at org.hibernate.jpa.spi.AbstractQueryImpl.setParameter(AbstractQueryImpl.java:198) ~[hibernate-entitymanager-4.3.11.Final.jar:4.3.11.Final]
	at org.hibernate.jpa.spi.AbstractQueryImpl.setParameter(AbstractQueryImpl.java:49) ~[hibernate-entitymanager-4.3.11.Final.jar:4.3.11.Final]
	at com.nicecredit.pilot.consumer.CEPDataConsumer.profiling(CEPDataConsumer.java:159) ~[classes/:na]
	at com.nicecredit.pilot.consumer.CEPDataConsumer.handleDelivery(CEPDataConsumer.java:80) ~[classes/:na]
	at com.nicecredit.pilot.consumer.CEPDataConsumerTest.testHandleDeliveryREGIT(CEPDataConsumerTest.java:121) [test-classes/:na]
	at sun.reflect.NativeMethodAccessorImpl.invoke0(Native Method) ~[na:1.7.0_71]
	at sun.reflect.NativeMethodAccessorImpl.invoke(NativeMethodAccessorImpl.java:57) ~[na:1.7.0_71]
	at sun.reflect.DelegatingMethodAccessorImpl.invoke(DelegatingMethodAccessorImpl.java:43) ~[na:1.7.0_71]
	at java.lang.reflect.Method.invoke(Method.java:606) ~[na:1.7.0_71]
	at org.junit.runners.model.FrameworkMethod$1.runReflectiveCall(FrameworkMethod.java:50) [junit-4.12.jar:4.12]
	at org.junit.internal.runners.model.ReflectiveCallable.run(ReflectiveCallable.java:12) [junit-4.12.jar:4.12]
	at org.junit.runners.model.FrameworkMethod.invokeExplosively(FrameworkMethod.java:47) [junit-4.12.jar:4.12]
	at org.junit.internal.runners.statements.InvokeMethod.evaluate(InvokeMethod.java:17) [junit-4.12.jar:4.12]
	at org.junit.internal.runners.statements.RunBefores.evaluate(RunBefores.java:26) [junit-4.12.jar:4.12]
	at org.junit.internal.runners.statements.RunAfters.evaluate(RunAfters.java:27) [junit-4.12.jar:4.12]
	at org.junit.runners.ParentRunner.runLeaf(ParentRunner.java:325) [junit-4.12.jar:4.12]
	at org.junit.runners.BlockJUnit4ClassRunner.runChild(BlockJUnit4ClassRunner.java:78) [junit-4.12.jar:4.12]
	at org.junit.runners.BlockJUnit4ClassRunner.runChild(BlockJUnit4ClassRunner.java:57) [junit-4.12.jar:4.12]
	at org.junit.runners.ParentRunner$3.run(ParentRunner.java:290) [junit-4.12.jar:4.12]
	at org.junit.runners.ParentRunner$1.schedule(ParentRunner.java:71) [junit-4.12.jar:4.12]
	at org.junit.runners.ParentRunner.runChildren(ParentRunner.java:288) [junit-4.12.jar:4.12]
	at org.junit.runners.ParentRunner.access$000(ParentRunner.java:58) [junit-4.12.jar:4.12]
	at org.junit.runners.ParentRunner$2.evaluate(ParentRunner.java:268) [junit-4.12.jar:4.12]
	at org.junit.internal.runners.statements.RunBefores.evaluate(RunBefores.java:26) [junit-4.12.jar:4.12]
	at org.junit.internal.runners.statements.RunAfters.evaluate(RunAfters.java:27) [junit-4.12.jar:4.12]
	at org.junit.runners.ParentRunner.run(ParentRunner.java:363) [junit-4.12.jar:4.12]
	at org.eclipse.jdt.internal.junit4.runner.JUnit4TestReference.run(JUnit4TestReference.java:50) [.cp/:na]
	at org.eclipse.jdt.internal.junit.runner.TestExecution.run(TestExecution.java:38) [.cp/:na]
	at org.eclipse.jdt.internal.junit.runner.RemoteTestRunner.runTests(RemoteTestRunner.java:467) [.cp/:na]
	at org.eclipse.jdt.internal.junit.runner.RemoteTestRunner.runTests(RemoteTestRunner.java:683) [.cp/:na]
	at org.eclipse.jdt.internal.junit.runner.RemoteTestRunner.run(RemoteTestRunner.java:390) [.cp/:na]
	at org.eclipse.jdt.internal.junit.runner.RemoteTestRunner.main(RemoteTestRunner.java:197) [.cp/:na]
11-25 10:47:48.103 [main] DEBUG c.n.pilot.consumer.CEPDataConsumer.saveResult:182 - saving result.
11-25 10:47:48.209 [main] DEBUG c.n.pilot.consumer.BaseConsumer.saveResult:162 - saved result.
11-25 10:47:48.210 [main] DEBUG c.n.p.consumer.MockCEPDataConsumer.sendAck:33 - send ack.
11-25 10:49:35.887 [DefaultMetadataResolver-0-3] DEBUG o.e.a.c.b.BasicRepositoryConnector.lock:90 - Concurrent download of D:\project\2014_hhi\.m2\repository\com\nice\pilot\cep-rule-dev\1.0.0-SNAPSHOT\maven-metadata-nice-repo.xml.part in progress, awaiting completion
11-25 10:49:35.994 [DefaultMetadataResolver-0-3] DEBUG o.e.a.c.b.BasicRepositoryConnector.runTask:435 - Concurrent download of D:\project\2014_hhi\.m2\repository\com\nice\pilot\cep-rule-dev\1.0.0-SNAPSHOT\maven-metadata-nice-repo.xml just finished, skipping download
11-25 10:49:36.473 [DefaultMetadataResolver-1-0] DEBUG o.e.a.c.b.BasicRepositoryConnector.lock:90 - Concurrent download of D:\project\2014_hhi\.m2\repository\com\nice\pilot\pilot-rule-dev\1.0.0-SNAPSHOT\maven-metadata-nice-repo.xml.part in progress, awaiting completion
11-25 10:49:36.576 [DefaultMetadataResolver-1-0] DEBUG o.e.a.c.b.BasicRepositoryConnector.runTask:435 - Concurrent download of D:\project\2014_hhi\.m2\repository\com\nice\pilot\pilot-rule-dev\1.0.0-SNAPSHOT\maven-metadata-nice-repo.xml just finished, skipping download
11-25 10:49:38.212 [main] DEBUG o.j.p.c.impl.DataTransformerRegistry.<init>:88 - Registered scripting language http://www.java.com/js with instance org.jbpm.process.core.transformation.JavaScriptingDataTransformer@7a88e7ec
11-25 10:49:38.213 [main] DEBUG o.j.p.c.impl.DataTransformerRegistry.<init>:88 - Registered scripting language http://www.java.com/rhino with instance org.jbpm.process.core.transformation.JavaScriptingDataTransformer@7a88e7ec
11-25 10:49:38.214 [main] DEBUG o.j.p.c.impl.DataTransformerRegistry.<init>:88 - Registered scripting language http://www.java.com/JavaScript with instance org.jbpm.process.core.transformation.JavaScriptingDataTransformer@7a88e7ec
11-25 10:49:38.214 [main] DEBUG o.j.p.c.impl.DataTransformerRegistry.<init>:88 - Registered scripting language http://www.java.com/javascript with instance org.jbpm.process.core.transformation.JavaScriptingDataTransformer@7a88e7ec
11-25 10:49:38.214 [main] DEBUG o.j.p.c.impl.DataTransformerRegistry.<init>:88 - Registered scripting language http://www.java.com/ECMAScript with instance org.jbpm.process.core.transformation.JavaScriptingDataTransformer@7a88e7ec
11-25 10:49:38.215 [main] DEBUG o.j.p.c.impl.DataTransformerRegistry.<init>:88 - Registered scripting language http://www.java.com/ecmascript with instance org.jbpm.process.core.transformation.JavaScriptingDataTransformer@7a88e7ec
11-25 10:49:41.904 [main] DEBUG c.n.pilot.consumer.CEPDataConsumer.handleDelivery:60 - telegram:REGIT1000           NICE001OSC001       0900100   001ABCD12341RSCD000120151030111                   
11-25 10:49:41.906 [main] DEBUG com.nicecredit.pilot.util.Utils.parseTelegram:103 - parse completed.
11-25 10:49:41.926 [main] DEBUG org.jboss.logging.find:33 - Logging Provider: org.jboss.logging.Slf4jLoggerProvider
11-25 10:49:43.650 [main] DEBUG org.apache.ibatis.logging.LogFactory.setImplementation:135 - Logging initialized using 'class org.apache.ibatis.logging.slf4j.Slf4jImpl' adapter.
11-25 10:49:43.734 [main] DEBUG o.a.i.d.pooled.PooledDataSource.forceCloseAll:316 - PooledDataSource forcefully closed/removed all connections.
11-25 10:49:43.734 [main] DEBUG o.a.i.d.pooled.PooledDataSource.forceCloseAll:316 - PooledDataSource forcefully closed/removed all connections.
11-25 10:49:43.734 [main] DEBUG o.a.i.d.pooled.PooledDataSource.forceCloseAll:316 - PooledDataSource forcefully closed/removed all connections.
11-25 10:49:43.735 [main] DEBUG o.a.i.d.pooled.PooledDataSource.forceCloseAll:316 - PooledDataSource forcefully closed/removed all connections.
11-25 10:49:44.016 [main] ERROR o.h.e.jdbc.spi.SqlExceptionHelper.logExceptions:146 - You have an error in your SQL syntax; check the manual that corresponds to your MariaDB server version for the right syntax to use near '== '1'' at line 1
Query is:
sql : 'SELECT full_phone_no FROM fbapplphone WHERE appl_no = ? and store_cd = ? and version = ? and wire_mobile_gb == '1'', parameters : ['NICE001OSC001','0900100',1]
11-25 10:49:44.030 [main] ERROR c.n.pilot.consumer.CEPDataConsumer.handleDelivery:107 - javax.persistence.PersistenceException: org.hibernate.exception.SQLGrammarException: could not extract ResultSet
javax.persistence.PersistenceException: org.hibernate.exception.SQLGrammarException: could not extract ResultSet
	at org.hibernate.jpa.spi.AbstractEntityManagerImpl.convert(AbstractEntityManagerImpl.java:1763) ~[hibernate-entitymanager-4.3.11.Final.jar:4.3.11.Final]
	at org.hibernate.jpa.spi.AbstractEntityManagerImpl.convert(AbstractEntityManagerImpl.java:1677) ~[hibernate-entitymanager-4.3.11.Final.jar:4.3.11.Final]
	at org.hibernate.jpa.internal.QueryImpl.getSingleResult(QueryImpl.java:524) ~[hibernate-entitymanager-4.3.11.Final.jar:4.3.11.Final]
	at com.nicecredit.pilot.consumer.CEPDataConsumer.profiling(CEPDataConsumer.java:172) ~[classes/:na]
	at com.nicecredit.pilot.consumer.CEPDataConsumer.handleDelivery(CEPDataConsumer.java:80) ~[classes/:na]
	at com.nicecredit.pilot.consumer.CEPDataConsumerTest.testHandleDeliveryREGIT(CEPDataConsumerTest.java:121) [test-classes/:na]
	at sun.reflect.NativeMethodAccessorImpl.invoke0(Native Method) ~[na:1.7.0_71]
	at sun.reflect.NativeMethodAccessorImpl.invoke(NativeMethodAccessorImpl.java:57) ~[na:1.7.0_71]
	at sun.reflect.DelegatingMethodAccessorImpl.invoke(DelegatingMethodAccessorImpl.java:43) ~[na:1.7.0_71]
	at java.lang.reflect.Method.invoke(Method.java:606) ~[na:1.7.0_71]
	at org.junit.runners.model.FrameworkMethod$1.runReflectiveCall(FrameworkMethod.java:50) [junit-4.12.jar:4.12]
	at org.junit.internal.runners.model.ReflectiveCallable.run(ReflectiveCallable.java:12) [junit-4.12.jar:4.12]
	at org.junit.runners.model.FrameworkMethod.invokeExplosively(FrameworkMethod.java:47) [junit-4.12.jar:4.12]
	at org.junit.internal.runners.statements.InvokeMethod.evaluate(InvokeMethod.java:17) [junit-4.12.jar:4.12]
	at org.junit.internal.runners.statements.RunBefores.evaluate(RunBefores.java:26) [junit-4.12.jar:4.12]
	at org.junit.internal.runners.statements.RunAfters.evaluate(RunAfters.java:27) [junit-4.12.jar:4.12]
	at org.junit.runners.ParentRunner.runLeaf(ParentRunner.java:325) [junit-4.12.jar:4.12]
	at org.junit.runners.BlockJUnit4ClassRunner.runChild(BlockJUnit4ClassRunner.java:78) [junit-4.12.jar:4.12]
	at org.junit.runners.BlockJUnit4ClassRunner.runChild(BlockJUnit4ClassRunner.java:57) [junit-4.12.jar:4.12]
	at org.junit.runners.ParentRunner$3.run(ParentRunner.java:290) [junit-4.12.jar:4.12]
	at org.junit.runners.ParentRunner$1.schedule(ParentRunner.java:71) [junit-4.12.jar:4.12]
	at org.junit.runners.ParentRunner.runChildren(ParentRunner.java:288) [junit-4.12.jar:4.12]
	at org.junit.runners.ParentRunner.access$000(ParentRunner.java:58) [junit-4.12.jar:4.12]
	at org.junit.runners.ParentRunner$2.evaluate(ParentRunner.java:268) [junit-4.12.jar:4.12]
	at org.junit.internal.runners.statements.RunBefores.evaluate(RunBefores.java:26) [junit-4.12.jar:4.12]
	at org.junit.internal.runners.statements.RunAfters.evaluate(RunAfters.java:27) [junit-4.12.jar:4.12]
	at org.junit.runners.ParentRunner.run(ParentRunner.java:363) [junit-4.12.jar:4.12]
	at org.eclipse.jdt.internal.junit4.runner.JUnit4TestReference.run(JUnit4TestReference.java:50) [.cp/:na]
	at org.eclipse.jdt.internal.junit.runner.TestExecution.run(TestExecution.java:38) [.cp/:na]
	at org.eclipse.jdt.internal.junit.runner.RemoteTestRunner.runTests(RemoteTestRunner.java:467) [.cp/:na]
	at org.eclipse.jdt.internal.junit.runner.RemoteTestRunner.runTests(RemoteTestRunner.java:683) [.cp/:na]
	at org.eclipse.jdt.internal.junit.runner.RemoteTestRunner.run(RemoteTestRunner.java:390) [.cp/:na]
	at org.eclipse.jdt.internal.junit.runner.RemoteTestRunner.main(RemoteTestRunner.java:197) [.cp/:na]
Caused by: org.hibernate.exception.SQLGrammarException: could not extract ResultSet
	at org.hibernate.exception.internal.SQLExceptionTypeDelegate.convert(SQLExceptionTypeDelegate.java:80) ~[hibernate-core-4.3.11.Final.jar:4.3.11.Final]
	at org.hibernate.exception.internal.StandardSQLExceptionConverter.convert(StandardSQLExceptionConverter.java:49) ~[hibernate-core-4.3.11.Final.jar:4.3.11.Final]
	at org.hibernate.engine.jdbc.spi.SqlExceptionHelper.convert(SqlExceptionHelper.java:126) ~[hibernate-core-4.3.11.Final.jar:4.3.11.Final]
	at org.hibernate.engine.jdbc.spi.SqlExceptionHelper.convert(SqlExceptionHelper.java:112) ~[hibernate-core-4.3.11.Final.jar:4.3.11.Final]
	at org.hibernate.engine.jdbc.internal.ResultSetReturnImpl.extract(ResultSetReturnImpl.java:91) ~[hibernate-core-4.3.11.Final.jar:4.3.11.Final]
	at org.hibernate.loader.Loader.getResultSet(Loader.java:2066) ~[hibernate-core-4.3.11.Final.jar:4.3.11.Final]
	at org.hibernate.loader.Loader.executeQueryStatement(Loader.java:1863) ~[hibernate-core-4.3.11.Final.jar:4.3.11.Final]
	at org.hibernate.loader.Loader.executeQueryStatement(Loader.java:1839) ~[hibernate-core-4.3.11.Final.jar:4.3.11.Final]
	at org.hibernate.loader.Loader.doQuery(Loader.java:910) ~[hibernate-core-4.3.11.Final.jar:4.3.11.Final]
	at org.hibernate.loader.Loader.doQueryAndInitializeNonLazyCollections(Loader.java:355) ~[hibernate-core-4.3.11.Final.jar:4.3.11.Final]
	at org.hibernate.loader.Loader.doList(Loader.java:2554) ~[hibernate-core-4.3.11.Final.jar:4.3.11.Final]
	at org.hibernate.loader.Loader.doList(Loader.java:2540) ~[hibernate-core-4.3.11.Final.jar:4.3.11.Final]
	at org.hibernate.loader.Loader.listIgnoreQueryCache(Loader.java:2370) ~[hibernate-core-4.3.11.Final.jar:4.3.11.Final]
	at org.hibernate.loader.Loader.list(Loader.java:2365) ~[hibernate-core-4.3.11.Final.jar:4.3.11.Final]
	at org.hibernate.loader.custom.CustomLoader.list(CustomLoader.java:353) ~[hibernate-core-4.3.11.Final.jar:4.3.11.Final]
	at org.hibernate.internal.SessionImpl.listCustomQuery(SessionImpl.java:1909) ~[hibernate-core-4.3.11.Final.jar:4.3.11.Final]
	at org.hibernate.internal.AbstractSessionImpl.list(AbstractSessionImpl.java:311) ~[hibernate-core-4.3.11.Final.jar:4.3.11.Final]
	at org.hibernate.internal.SQLQueryImpl.list(SQLQueryImpl.java:141) ~[hibernate-core-4.3.11.Final.jar:4.3.11.Final]
	at org.hibernate.jpa.internal.QueryImpl.list(QueryImpl.java:573) ~[hibernate-entitymanager-4.3.11.Final.jar:4.3.11.Final]
	at org.hibernate.jpa.internal.QueryImpl.getSingleResult(QueryImpl.java:495) ~[hibernate-entitymanager-4.3.11.Final.jar:4.3.11.Final]
	... 30 common frames omitted
Caused by: java.sql.SQLSyntaxErrorException: You have an error in your SQL syntax; check the manual that corresponds to your MariaDB server version for the right syntax to use near '== '1'' at line 1
Query is:
sql : 'SELECT full_phone_no FROM fbapplphone WHERE appl_no = ? and store_cd = ? and version = ? and wire_mobile_gb == '1'', parameters : ['NICE001OSC001','0900100',1]
	at org.mariadb.jdbc.internal.SQLExceptionMapper.get(SQLExceptionMapper.java:138) ~[mariadb-java-client-1.2.3.jar:na]
	at org.mariadb.jdbc.internal.SQLExceptionMapper.throwException(SQLExceptionMapper.java:106) ~[mariadb-java-client-1.2.3.jar:na]
	at org.mariadb.jdbc.MySQLStatement.executeQueryEpilog(MySQLStatement.java:252) ~[mariadb-java-client-1.2.3.jar:na]
	at org.mariadb.jdbc.MySQLStatement.execute(MySQLStatement.java:278) ~[mariadb-java-client-1.2.3.jar:na]
	at org.mariadb.jdbc.MySQLStatement.executeQuery(MySQLStatement.java:333) ~[mariadb-java-client-1.2.3.jar:na]
	at org.mariadb.jdbc.MySQLPreparedStatement.executeQuery(MySQLPreparedStatement.java:99) ~[mariadb-java-client-1.2.3.jar:na]
	at org.hibernate.engine.jdbc.internal.ResultSetReturnImpl.extract(ResultSetReturnImpl.java:82) ~[hibernate-core-4.3.11.Final.jar:4.3.11.Final]
	... 45 common frames omitted
Caused by: org.mariadb.jdbc.internal.common.QueryException: You have an error in your SQL syntax; check the manual that corresponds to your MariaDB server version for the right syntax to use near '== '1'' at line 1
Query is:
sql : 'SELECT full_phone_no FROM fbapplphone WHERE appl_no = ? and store_cd = ? and version = ? and wire_mobile_gb == '1'', parameters : ['NICE001OSC001','0900100',1]
	at org.mariadb.jdbc.internal.mysql.MySQLProtocol.getResult(MySQLProtocol.java:969) ~[mariadb-java-client-1.2.3.jar:na]
	at org.mariadb.jdbc.internal.mysql.MySQLProtocol.executeQuery(MySQLProtocol.java:1021) ~[mariadb-java-client-1.2.3.jar:na]
	at org.mariadb.jdbc.internal.mysql.MySQLProtocol.executeQuery(MySQLProtocol.java:1003) ~[mariadb-java-client-1.2.3.jar:na]
	at org.mariadb.jdbc.MySQLStatement.execute(MySQLStatement.java:271) ~[mariadb-java-client-1.2.3.jar:na]
	... 48 common frames omitted
11-25 10:49:44.032 [main] DEBUG c.n.pilot.consumer.CEPDataConsumer.saveResult:182 - saving result.
11-25 10:49:44.377 [main] DEBUG c.n.pilot.consumer.BaseConsumer.saveResult:162 - saved result.
11-25 10:49:44.380 [main] DEBUG c.n.p.consumer.MockCEPDataConsumer.sendAck:33 - send ack.
11-25 10:49:44.880 [main] DEBUG c.n.pilot.consumer.CEPDataConsumer.handleDelivery:60 - telegram:REGIT1000           NICE001OSC001       0900101   001ABCD12341RSCD000120151030111                   
11-25 10:49:44.881 [main] DEBUG com.nicecredit.pilot.util.Utils.parseTelegram:103 - parse completed.
11-25 10:49:44.964 [main] ERROR o.h.e.jdbc.spi.SqlExceptionHelper.logExceptions:146 - You have an error in your SQL syntax; check the manual that corresponds to your MariaDB server version for the right syntax to use near '== '1'' at line 1
Query is:
sql : 'SELECT full_phone_no FROM fbapplphone WHERE appl_no = ? and store_cd = ? and version = ? and wire_mobile_gb == '1'', parameters : ['NICE001OSC001','0900101',1]
11-25 10:49:44.967 [main] ERROR c.n.pilot.consumer.CEPDataConsumer.handleDelivery:107 - javax.persistence.PersistenceException: org.hibernate.exception.SQLGrammarException: could not extract ResultSet
javax.persistence.PersistenceException: org.hibernate.exception.SQLGrammarException: could not extract ResultSet
	at org.hibernate.jpa.spi.AbstractEntityManagerImpl.convert(AbstractEntityManagerImpl.java:1763) ~[hibernate-entitymanager-4.3.11.Final.jar:4.3.11.Final]
	at org.hibernate.jpa.spi.AbstractEntityManagerImpl.convert(AbstractEntityManagerImpl.java:1677) ~[hibernate-entitymanager-4.3.11.Final.jar:4.3.11.Final]
	at org.hibernate.jpa.internal.QueryImpl.getSingleResult(QueryImpl.java:524) ~[hibernate-entitymanager-4.3.11.Final.jar:4.3.11.Final]
	at com.nicecredit.pilot.consumer.CEPDataConsumer.profiling(CEPDataConsumer.java:172) ~[classes/:na]
	at com.nicecredit.pilot.consumer.CEPDataConsumer.handleDelivery(CEPDataConsumer.java:80) ~[classes/:na]
	at com.nicecredit.pilot.consumer.CEPDataConsumerTest.testHandleDeliveryREGIT(CEPDataConsumerTest.java:121) [test-classes/:na]
	at sun.reflect.NativeMethodAccessorImpl.invoke0(Native Method) ~[na:1.7.0_71]
	at sun.reflect.NativeMethodAccessorImpl.invoke(NativeMethodAccessorImpl.java:57) ~[na:1.7.0_71]
	at sun.reflect.DelegatingMethodAccessorImpl.invoke(DelegatingMethodAccessorImpl.java:43) ~[na:1.7.0_71]
	at java.lang.reflect.Method.invoke(Method.java:606) ~[na:1.7.0_71]
	at org.junit.runners.model.FrameworkMethod$1.runReflectiveCall(FrameworkMethod.java:50) [junit-4.12.jar:4.12]
	at org.junit.internal.runners.model.ReflectiveCallable.run(ReflectiveCallable.java:12) [junit-4.12.jar:4.12]
	at org.junit.runners.model.FrameworkMethod.invokeExplosively(FrameworkMethod.java:47) [junit-4.12.jar:4.12]
	at org.junit.internal.runners.statements.InvokeMethod.evaluate(InvokeMethod.java:17) [junit-4.12.jar:4.12]
	at org.junit.internal.runners.statements.RunBefores.evaluate(RunBefores.java:26) [junit-4.12.jar:4.12]
	at org.junit.internal.runners.statements.RunAfters.evaluate(RunAfters.java:27) [junit-4.12.jar:4.12]
	at org.junit.runners.ParentRunner.runLeaf(ParentRunner.java:325) [junit-4.12.jar:4.12]
	at org.junit.runners.BlockJUnit4ClassRunner.runChild(BlockJUnit4ClassRunner.java:78) [junit-4.12.jar:4.12]
	at org.junit.runners.BlockJUnit4ClassRunner.runChild(BlockJUnit4ClassRunner.java:57) [junit-4.12.jar:4.12]
	at org.junit.runners.ParentRunner$3.run(ParentRunner.java:290) [junit-4.12.jar:4.12]
	at org.junit.runners.ParentRunner$1.schedule(ParentRunner.java:71) [junit-4.12.jar:4.12]
	at org.junit.runners.ParentRunner.runChildren(ParentRunner.java:288) [junit-4.12.jar:4.12]
	at org.junit.runners.ParentRunner.access$000(ParentRunner.java:58) [junit-4.12.jar:4.12]
	at org.junit.runners.ParentRunner$2.evaluate(ParentRunner.java:268) [junit-4.12.jar:4.12]
	at org.junit.internal.runners.statements.RunBefores.evaluate(RunBefores.java:26) [junit-4.12.jar:4.12]
	at org.junit.internal.runners.statements.RunAfters.evaluate(RunAfters.java:27) [junit-4.12.jar:4.12]
	at org.junit.runners.ParentRunner.run(ParentRunner.java:363) [junit-4.12.jar:4.12]
	at org.eclipse.jdt.internal.junit4.runner.JUnit4TestReference.run(JUnit4TestReference.java:50) [.cp/:na]
	at org.eclipse.jdt.internal.junit.runner.TestExecution.run(TestExecution.java:38) [.cp/:na]
	at org.eclipse.jdt.internal.junit.runner.RemoteTestRunner.runTests(RemoteTestRunner.java:467) [.cp/:na]
	at org.eclipse.jdt.internal.junit.runner.RemoteTestRunner.runTests(RemoteTestRunner.java:683) [.cp/:na]
	at org.eclipse.jdt.internal.junit.runner.RemoteTestRunner.run(RemoteTestRunner.java:390) [.cp/:na]
	at org.eclipse.jdt.internal.junit.runner.RemoteTestRunner.main(RemoteTestRunner.java:197) [.cp/:na]
Caused by: org.hibernate.exception.SQLGrammarException: could not extract ResultSet
	at org.hibernate.exception.internal.SQLExceptionTypeDelegate.convert(SQLExceptionTypeDelegate.java:80) ~[hibernate-core-4.3.11.Final.jar:4.3.11.Final]
	at org.hibernate.exception.internal.StandardSQLExceptionConverter.convert(StandardSQLExceptionConverter.java:49) ~[hibernate-core-4.3.11.Final.jar:4.3.11.Final]
	at org.hibernate.engine.jdbc.spi.SqlExceptionHelper.convert(SqlExceptionHelper.java:126) ~[hibernate-core-4.3.11.Final.jar:4.3.11.Final]
	at org.hibernate.engine.jdbc.spi.SqlExceptionHelper.convert(SqlExceptionHelper.java:112) ~[hibernate-core-4.3.11.Final.jar:4.3.11.Final]
	at org.hibernate.engine.jdbc.internal.ResultSetReturnImpl.extract(ResultSetReturnImpl.java:91) ~[hibernate-core-4.3.11.Final.jar:4.3.11.Final]
	at org.hibernate.loader.Loader.getResultSet(Loader.java:2066) ~[hibernate-core-4.3.11.Final.jar:4.3.11.Final]
	at org.hibernate.loader.Loader.executeQueryStatement(Loader.java:1863) ~[hibernate-core-4.3.11.Final.jar:4.3.11.Final]
	at org.hibernate.loader.Loader.executeQueryStatement(Loader.java:1839) ~[hibernate-core-4.3.11.Final.jar:4.3.11.Final]
	at org.hibernate.loader.Loader.doQuery(Loader.java:910) ~[hibernate-core-4.3.11.Final.jar:4.3.11.Final]
	at org.hibernate.loader.Loader.doQueryAndInitializeNonLazyCollections(Loader.java:355) ~[hibernate-core-4.3.11.Final.jar:4.3.11.Final]
	at org.hibernate.loader.Loader.doList(Loader.java:2554) ~[hibernate-core-4.3.11.Final.jar:4.3.11.Final]
	at org.hibernate.loader.Loader.doList(Loader.java:2540) ~[hibernate-core-4.3.11.Final.jar:4.3.11.Final]
	at org.hibernate.loader.Loader.listIgnoreQueryCache(Loader.java:2370) ~[hibernate-core-4.3.11.Final.jar:4.3.11.Final]
	at org.hibernate.loader.Loader.list(Loader.java:2365) ~[hibernate-core-4.3.11.Final.jar:4.3.11.Final]
	at org.hibernate.loader.custom.CustomLoader.list(CustomLoader.java:353) ~[hibernate-core-4.3.11.Final.jar:4.3.11.Final]
	at org.hibernate.internal.SessionImpl.listCustomQuery(SessionImpl.java:1909) ~[hibernate-core-4.3.11.Final.jar:4.3.11.Final]
	at org.hibernate.internal.AbstractSessionImpl.list(AbstractSessionImpl.java:311) ~[hibernate-core-4.3.11.Final.jar:4.3.11.Final]
	at org.hibernate.internal.SQLQueryImpl.list(SQLQueryImpl.java:141) ~[hibernate-core-4.3.11.Final.jar:4.3.11.Final]
	at org.hibernate.jpa.internal.QueryImpl.list(QueryImpl.java:573) ~[hibernate-entitymanager-4.3.11.Final.jar:4.3.11.Final]
	at org.hibernate.jpa.internal.QueryImpl.getSingleResult(QueryImpl.java:495) ~[hibernate-entitymanager-4.3.11.Final.jar:4.3.11.Final]
	... 30 common frames omitted
Caused by: java.sql.SQLSyntaxErrorException: You have an error in your SQL syntax; check the manual that corresponds to your MariaDB server version for the right syntax to use near '== '1'' at line 1
Query is:
sql : 'SELECT full_phone_no FROM fbapplphone WHERE appl_no = ? and store_cd = ? and version = ? and wire_mobile_gb == '1'', parameters : ['NICE001OSC001','0900101',1]
	at org.mariadb.jdbc.internal.SQLExceptionMapper.get(SQLExceptionMapper.java:138) ~[mariadb-java-client-1.2.3.jar:na]
	at org.mariadb.jdbc.internal.SQLExceptionMapper.throwException(SQLExceptionMapper.java:106) ~[mariadb-java-client-1.2.3.jar:na]
	at org.mariadb.jdbc.MySQLStatement.executeQueryEpilog(MySQLStatement.java:252) ~[mariadb-java-client-1.2.3.jar:na]
	at org.mariadb.jdbc.MySQLStatement.execute(MySQLStatement.java:278) ~[mariadb-java-client-1.2.3.jar:na]
	at org.mariadb.jdbc.MySQLStatement.executeQuery(MySQLStatement.java:333) ~[mariadb-java-client-1.2.3.jar:na]
	at org.mariadb.jdbc.MySQLPreparedStatement.executeQuery(MySQLPreparedStatement.java:99) ~[mariadb-java-client-1.2.3.jar:na]
	at org.hibernate.engine.jdbc.internal.ResultSetReturnImpl.extract(ResultSetReturnImpl.java:82) ~[hibernate-core-4.3.11.Final.jar:4.3.11.Final]
	... 45 common frames omitted
Caused by: org.mariadb.jdbc.internal.common.QueryException: You have an error in your SQL syntax; check the manual that corresponds to your MariaDB server version for the right syntax to use near '== '1'' at line 1
Query is:
sql : 'SELECT full_phone_no FROM fbapplphone WHERE appl_no = ? and store_cd = ? and version = ? and wire_mobile_gb == '1'', parameters : ['NICE001OSC001','0900101',1]
	at org.mariadb.jdbc.internal.mysql.MySQLProtocol.getResult(MySQLProtocol.java:969) ~[mariadb-java-client-1.2.3.jar:na]
	at org.mariadb.jdbc.internal.mysql.MySQLProtocol.executeQuery(MySQLProtocol.java:1021) ~[mariadb-java-client-1.2.3.jar:na]
	at org.mariadb.jdbc.internal.mysql.MySQLProtocol.executeQuery(MySQLProtocol.java:1003) ~[mariadb-java-client-1.2.3.jar:na]
	at org.mariadb.jdbc.MySQLStatement.execute(MySQLStatement.java:271) ~[mariadb-java-client-1.2.3.jar:na]
	... 48 common frames omitted
11-25 10:49:44.969 [main] DEBUG c.n.pilot.consumer.CEPDataConsumer.saveResult:182 - saving result.
11-25 10:49:45.285 [main] DEBUG c.n.pilot.consumer.BaseConsumer.saveResult:162 - saved result.
11-25 10:49:45.286 [main] DEBUG c.n.p.consumer.MockCEPDataConsumer.sendAck:33 - send ack.
11-25 10:49:45.787 [main] DEBUG c.n.pilot.consumer.CEPDataConsumer.handleDelivery:60 - telegram:REGIT1000           NICE001OSC001       0900102   001ABCD12341RSCD000120151030111                   
11-25 10:49:45.788 [main] DEBUG com.nicecredit.pilot.util.Utils.parseTelegram:103 - parse completed.
11-25 10:49:45.872 [main] ERROR o.h.e.jdbc.spi.SqlExceptionHelper.logExceptions:146 - You have an error in your SQL syntax; check the manual that corresponds to your MariaDB server version for the right syntax to use near '== '1'' at line 1
Query is:
sql : 'SELECT full_phone_no FROM fbapplphone WHERE appl_no = ? and store_cd = ? and version = ? and wire_mobile_gb == '1'', parameters : ['NICE001OSC001','0900102',1]
11-25 10:49:45.876 [main] ERROR c.n.pilot.consumer.CEPDataConsumer.handleDelivery:107 - javax.persistence.PersistenceException: org.hibernate.exception.SQLGrammarException: could not extract ResultSet
javax.persistence.PersistenceException: org.hibernate.exception.SQLGrammarException: could not extract ResultSet
	at org.hibernate.jpa.spi.AbstractEntityManagerImpl.convert(AbstractEntityManagerImpl.java:1763) ~[hibernate-entitymanager-4.3.11.Final.jar:4.3.11.Final]
	at org.hibernate.jpa.spi.AbstractEntityManagerImpl.convert(AbstractEntityManagerImpl.java:1677) ~[hibernate-entitymanager-4.3.11.Final.jar:4.3.11.Final]
	at org.hibernate.jpa.internal.QueryImpl.getSingleResult(QueryImpl.java:524) ~[hibernate-entitymanager-4.3.11.Final.jar:4.3.11.Final]
	at com.nicecredit.pilot.consumer.CEPDataConsumer.profiling(CEPDataConsumer.java:172) ~[classes/:na]
	at com.nicecredit.pilot.consumer.CEPDataConsumer.handleDelivery(CEPDataConsumer.java:80) ~[classes/:na]
	at com.nicecredit.pilot.consumer.CEPDataConsumerTest.testHandleDeliveryREGIT(CEPDataConsumerTest.java:121) [test-classes/:na]
	at sun.reflect.NativeMethodAccessorImpl.invoke0(Native Method) ~[na:1.7.0_71]
	at sun.reflect.NativeMethodAccessorImpl.invoke(NativeMethodAccessorImpl.java:57) ~[na:1.7.0_71]
	at sun.reflect.DelegatingMethodAccessorImpl.invoke(DelegatingMethodAccessorImpl.java:43) ~[na:1.7.0_71]
	at java.lang.reflect.Method.invoke(Method.java:606) ~[na:1.7.0_71]
	at org.junit.runners.model.FrameworkMethod$1.runReflectiveCall(FrameworkMethod.java:50) [junit-4.12.jar:4.12]
	at org.junit.internal.runners.model.ReflectiveCallable.run(ReflectiveCallable.java:12) [junit-4.12.jar:4.12]
	at org.junit.runners.model.FrameworkMethod.invokeExplosively(FrameworkMethod.java:47) [junit-4.12.jar:4.12]
	at org.junit.internal.runners.statements.InvokeMethod.evaluate(InvokeMethod.java:17) [junit-4.12.jar:4.12]
	at org.junit.internal.runners.statements.RunBefores.evaluate(RunBefores.java:26) [junit-4.12.jar:4.12]
	at org.junit.internal.runners.statements.RunAfters.evaluate(RunAfters.java:27) [junit-4.12.jar:4.12]
	at org.junit.runners.ParentRunner.runLeaf(ParentRunner.java:325) [junit-4.12.jar:4.12]
	at org.junit.runners.BlockJUnit4ClassRunner.runChild(BlockJUnit4ClassRunner.java:78) [junit-4.12.jar:4.12]
	at org.junit.runners.BlockJUnit4ClassRunner.runChild(BlockJUnit4ClassRunner.java:57) [junit-4.12.jar:4.12]
	at org.junit.runners.ParentRunner$3.run(ParentRunner.java:290) [junit-4.12.jar:4.12]
	at org.junit.runners.ParentRunner$1.schedule(ParentRunner.java:71) [junit-4.12.jar:4.12]
	at org.junit.runners.ParentRunner.runChildren(ParentRunner.java:288) [junit-4.12.jar:4.12]
	at org.junit.runners.ParentRunner.access$000(ParentRunner.java:58) [junit-4.12.jar:4.12]
	at org.junit.runners.ParentRunner$2.evaluate(ParentRunner.java:268) [junit-4.12.jar:4.12]
	at org.junit.internal.runners.statements.RunBefores.evaluate(RunBefores.java:26) [junit-4.12.jar:4.12]
	at org.junit.internal.runners.statements.RunAfters.evaluate(RunAfters.java:27) [junit-4.12.jar:4.12]
	at org.junit.runners.ParentRunner.run(ParentRunner.java:363) [junit-4.12.jar:4.12]
	at org.eclipse.jdt.internal.junit4.runner.JUnit4TestReference.run(JUnit4TestReference.java:50) [.cp/:na]
	at org.eclipse.jdt.internal.junit.runner.TestExecution.run(TestExecution.java:38) [.cp/:na]
	at org.eclipse.jdt.internal.junit.runner.RemoteTestRunner.runTests(RemoteTestRunner.java:467) [.cp/:na]
	at org.eclipse.jdt.internal.junit.runner.RemoteTestRunner.runTests(RemoteTestRunner.java:683) [.cp/:na]
	at org.eclipse.jdt.internal.junit.runner.RemoteTestRunner.run(RemoteTestRunner.java:390) [.cp/:na]
	at org.eclipse.jdt.internal.junit.runner.RemoteTestRunner.main(RemoteTestRunner.java:197) [.cp/:na]
Caused by: org.hibernate.exception.SQLGrammarException: could not extract ResultSet
	at org.hibernate.exception.internal.SQLExceptionTypeDelegate.convert(SQLExceptionTypeDelegate.java:80) ~[hibernate-core-4.3.11.Final.jar:4.3.11.Final]
	at org.hibernate.exception.internal.StandardSQLExceptionConverter.convert(StandardSQLExceptionConverter.java:49) ~[hibernate-core-4.3.11.Final.jar:4.3.11.Final]
	at org.hibernate.engine.jdbc.spi.SqlExceptionHelper.convert(SqlExceptionHelper.java:126) ~[hibernate-core-4.3.11.Final.jar:4.3.11.Final]
	at org.hibernate.engine.jdbc.spi.SqlExceptionHelper.convert(SqlExceptionHelper.java:112) ~[hibernate-core-4.3.11.Final.jar:4.3.11.Final]
	at org.hibernate.engine.jdbc.internal.ResultSetReturnImpl.extract(ResultSetReturnImpl.java:91) ~[hibernate-core-4.3.11.Final.jar:4.3.11.Final]
	at org.hibernate.loader.Loader.getResultSet(Loader.java:2066) ~[hibernate-core-4.3.11.Final.jar:4.3.11.Final]
	at org.hibernate.loader.Loader.executeQueryStatement(Loader.java:1863) ~[hibernate-core-4.3.11.Final.jar:4.3.11.Final]
	at org.hibernate.loader.Loader.executeQueryStatement(Loader.java:1839) ~[hibernate-core-4.3.11.Final.jar:4.3.11.Final]
	at org.hibernate.loader.Loader.doQuery(Loader.java:910) ~[hibernate-core-4.3.11.Final.jar:4.3.11.Final]
	at org.hibernate.loader.Loader.doQueryAndInitializeNonLazyCollections(Loader.java:355) ~[hibernate-core-4.3.11.Final.jar:4.3.11.Final]
	at org.hibernate.loader.Loader.doList(Loader.java:2554) ~[hibernate-core-4.3.11.Final.jar:4.3.11.Final]
	at org.hibernate.loader.Loader.doList(Loader.java:2540) ~[hibernate-core-4.3.11.Final.jar:4.3.11.Final]
	at org.hibernate.loader.Loader.listIgnoreQueryCache(Loader.java:2370) ~[hibernate-core-4.3.11.Final.jar:4.3.11.Final]
	at org.hibernate.loader.Loader.list(Loader.java:2365) ~[hibernate-core-4.3.11.Final.jar:4.3.11.Final]
	at org.hibernate.loader.custom.CustomLoader.list(CustomLoader.java:353) ~[hibernate-core-4.3.11.Final.jar:4.3.11.Final]
	at org.hibernate.internal.SessionImpl.listCustomQuery(SessionImpl.java:1909) ~[hibernate-core-4.3.11.Final.jar:4.3.11.Final]
	at org.hibernate.internal.AbstractSessionImpl.list(AbstractSessionImpl.java:311) ~[hibernate-core-4.3.11.Final.jar:4.3.11.Final]
	at org.hibernate.internal.SQLQueryImpl.list(SQLQueryImpl.java:141) ~[hibernate-core-4.3.11.Final.jar:4.3.11.Final]
	at org.hibernate.jpa.internal.QueryImpl.list(QueryImpl.java:573) ~[hibernate-entitymanager-4.3.11.Final.jar:4.3.11.Final]
	at org.hibernate.jpa.internal.QueryImpl.getSingleResult(QueryImpl.java:495) ~[hibernate-entitymanager-4.3.11.Final.jar:4.3.11.Final]
	... 30 common frames omitted
Caused by: java.sql.SQLSyntaxErrorException: You have an error in your SQL syntax; check the manual that corresponds to your MariaDB server version for the right syntax to use near '== '1'' at line 1
Query is:
sql : 'SELECT full_phone_no FROM fbapplphone WHERE appl_no = ? and store_cd = ? and version = ? and wire_mobile_gb == '1'', parameters : ['NICE001OSC001','0900102',1]
	at org.mariadb.jdbc.internal.SQLExceptionMapper.get(SQLExceptionMapper.java:138) ~[mariadb-java-client-1.2.3.jar:na]
	at org.mariadb.jdbc.internal.SQLExceptionMapper.throwException(SQLExceptionMapper.java:106) ~[mariadb-java-client-1.2.3.jar:na]
	at org.mariadb.jdbc.MySQLStatement.executeQueryEpilog(MySQLStatement.java:252) ~[mariadb-java-client-1.2.3.jar:na]
	at org.mariadb.jdbc.MySQLStatement.execute(MySQLStatement.java:278) ~[mariadb-java-client-1.2.3.jar:na]
	at org.mariadb.jdbc.MySQLStatement.executeQuery(MySQLStatement.java:333) ~[mariadb-java-client-1.2.3.jar:na]
	at org.mariadb.jdbc.MySQLPreparedStatement.executeQuery(MySQLPreparedStatement.java:99) ~[mariadb-java-client-1.2.3.jar:na]
	at org.hibernate.engine.jdbc.internal.ResultSetReturnImpl.extract(ResultSetReturnImpl.java:82) ~[hibernate-core-4.3.11.Final.jar:4.3.11.Final]
	... 45 common frames omitted
Caused by: org.mariadb.jdbc.internal.common.QueryException: You have an error in your SQL syntax; check the manual that corresponds to your MariaDB server version for the right syntax to use near '== '1'' at line 1
Query is:
sql : 'SELECT full_phone_no FROM fbapplphone WHERE appl_no = ? and store_cd = ? and version = ? and wire_mobile_gb == '1'', parameters : ['NICE001OSC001','0900102',1]
	at org.mariadb.jdbc.internal.mysql.MySQLProtocol.getResult(MySQLProtocol.java:969) ~[mariadb-java-client-1.2.3.jar:na]
	at org.mariadb.jdbc.internal.mysql.MySQLProtocol.executeQuery(MySQLProtocol.java:1021) ~[mariadb-java-client-1.2.3.jar:na]
	at org.mariadb.jdbc.internal.mysql.MySQLProtocol.executeQuery(MySQLProtocol.java:1003) ~[mariadb-java-client-1.2.3.jar:na]
	at org.mariadb.jdbc.MySQLStatement.execute(MySQLStatement.java:271) ~[mariadb-java-client-1.2.3.jar:na]
	... 48 common frames omitted
11-25 10:49:45.877 [main] DEBUG c.n.pilot.consumer.CEPDataConsumer.saveResult:182 - saving result.
11-25 10:49:46.181 [main] DEBUG c.n.pilot.consumer.BaseConsumer.saveResult:162 - saved result.
11-25 10:49:46.181 [main] DEBUG c.n.p.consumer.MockCEPDataConsumer.sendAck:33 - send ack.
11-25 10:54:42.034 [DefaultMetadataResolver-0-0] DEBUG o.e.a.c.b.BasicRepositoryConnector.lock:90 - Concurrent download of D:\project\2014_hhi\.m2\repository\com\nice\pilot\cep-rule-dev\1.0.0-SNAPSHOT\maven-metadata-nice-repo.xml.part in progress, awaiting completion
11-25 10:54:42.143 [DefaultMetadataResolver-0-0] DEBUG o.e.a.c.b.BasicRepositoryConnector.runTask:435 - Concurrent download of D:\project\2014_hhi\.m2\repository\com\nice\pilot\cep-rule-dev\1.0.0-SNAPSHOT\maven-metadata-nice-repo.xml just finished, skipping download
11-25 10:54:42.627 [DefaultMetadataResolver-1-3] DEBUG o.e.a.c.b.BasicRepositoryConnector.lock:90 - Concurrent download of D:\project\2014_hhi\.m2\repository\com\nice\pilot\pilot-rule-dev\1.0.0-SNAPSHOT\maven-metadata-nice-repo.xml.part in progress, awaiting completion
11-25 10:54:42.729 [DefaultMetadataResolver-1-3] DEBUG o.e.a.c.b.BasicRepositoryConnector.runTask:435 - Concurrent download of D:\project\2014_hhi\.m2\repository\com\nice\pilot\pilot-rule-dev\1.0.0-SNAPSHOT\maven-metadata-nice-repo.xml just finished, skipping download
11-25 10:54:44.501 [main] DEBUG o.j.p.c.impl.DataTransformerRegistry.<init>:88 - Registered scripting language http://www.java.com/js with instance org.jbpm.process.core.transformation.JavaScriptingDataTransformer@5e1d30c
11-25 10:54:44.503 [main] DEBUG o.j.p.c.impl.DataTransformerRegistry.<init>:88 - Registered scripting language http://www.java.com/rhino with instance org.jbpm.process.core.transformation.JavaScriptingDataTransformer@5e1d30c
11-25 10:54:44.503 [main] DEBUG o.j.p.c.impl.DataTransformerRegistry.<init>:88 - Registered scripting language http://www.java.com/JavaScript with instance org.jbpm.process.core.transformation.JavaScriptingDataTransformer@5e1d30c
11-25 10:54:44.503 [main] DEBUG o.j.p.c.impl.DataTransformerRegistry.<init>:88 - Registered scripting language http://www.java.com/javascript with instance org.jbpm.process.core.transformation.JavaScriptingDataTransformer@5e1d30c
11-25 10:54:44.504 [main] DEBUG o.j.p.c.impl.DataTransformerRegistry.<init>:88 - Registered scripting language http://www.java.com/ECMAScript with instance org.jbpm.process.core.transformation.JavaScriptingDataTransformer@5e1d30c
11-25 10:54:44.504 [main] DEBUG o.j.p.c.impl.DataTransformerRegistry.<init>:88 - Registered scripting language http://www.java.com/ecmascript with instance org.jbpm.process.core.transformation.JavaScriptingDataTransformer@5e1d30c
11-25 10:54:47.814 [main] DEBUG c.n.pilot.consumer.CEPDataConsumer.handleDelivery:60 - telegram:REGIT1000           NICE001OSC001       0900100   001ABCD12341RSCD000120151030111                   
11-25 10:54:47.816 [main] DEBUG com.nicecredit.pilot.util.Utils.parseTelegram:103 - parse completed.
11-25 10:54:47.829 [main] DEBUG org.jboss.logging.find:33 - Logging Provider: org.jboss.logging.Slf4jLoggerProvider
11-25 10:54:49.982 [main] DEBUG org.apache.ibatis.logging.LogFactory.setImplementation:135 - Logging initialized using 'class org.apache.ibatis.logging.slf4j.Slf4jImpl' adapter.
11-25 10:54:50.119 [main] DEBUG o.a.i.d.pooled.PooledDataSource.forceCloseAll:316 - PooledDataSource forcefully closed/removed all connections.
11-25 10:54:50.119 [main] DEBUG o.a.i.d.pooled.PooledDataSource.forceCloseAll:316 - PooledDataSource forcefully closed/removed all connections.
11-25 10:54:50.120 [main] DEBUG o.a.i.d.pooled.PooledDataSource.forceCloseAll:316 - PooledDataSource forcefully closed/removed all connections.
11-25 10:54:50.120 [main] DEBUG o.a.i.d.pooled.PooledDataSource.forceCloseAll:316 - PooledDataSource forcefully closed/removed all connections.
11-25 10:54:50.414 [main] ERROR c.n.pilot.consumer.CEPDataConsumer.handleDelivery:107 - javax.persistence.NoResultException: No entity found for query
javax.persistence.NoResultException: No entity found for query
	at org.hibernate.jpa.internal.QueryImpl.getSingleResult(QueryImpl.java:498) ~[hibernate-entitymanager-4.3.11.Final.jar:4.3.11.Final]
	at com.nicecredit.pilot.consumer.CEPDataConsumer.profiling(CEPDataConsumer.java:171) ~[classes/:na]
	at com.nicecredit.pilot.consumer.CEPDataConsumer.handleDelivery(CEPDataConsumer.java:80) ~[classes/:na]
	at com.nicecredit.pilot.consumer.CEPDataConsumerTest.testHandleDeliveryREGIT(CEPDataConsumerTest.java:121) [test-classes/:na]
	at sun.reflect.NativeMethodAccessorImpl.invoke0(Native Method) ~[na:1.7.0_71]
	at sun.reflect.NativeMethodAccessorImpl.invoke(NativeMethodAccessorImpl.java:57) ~[na:1.7.0_71]
	at sun.reflect.DelegatingMethodAccessorImpl.invoke(DelegatingMethodAccessorImpl.java:43) ~[na:1.7.0_71]
	at java.lang.reflect.Method.invoke(Method.java:606) ~[na:1.7.0_71]
	at org.junit.runners.model.FrameworkMethod$1.runReflectiveCall(FrameworkMethod.java:50) [junit-4.12.jar:4.12]
	at org.junit.internal.runners.model.ReflectiveCallable.run(ReflectiveCallable.java:12) [junit-4.12.jar:4.12]
	at org.junit.runners.model.FrameworkMethod.invokeExplosively(FrameworkMethod.java:47) [junit-4.12.jar:4.12]
	at org.junit.internal.runners.statements.InvokeMethod.evaluate(InvokeMethod.java:17) [junit-4.12.jar:4.12]
	at org.junit.internal.runners.statements.RunBefores.evaluate(RunBefores.java:26) [junit-4.12.jar:4.12]
	at org.junit.internal.runners.statements.RunAfters.evaluate(RunAfters.java:27) [junit-4.12.jar:4.12]
	at org.junit.runners.ParentRunner.runLeaf(ParentRunner.java:325) [junit-4.12.jar:4.12]
	at org.junit.runners.BlockJUnit4ClassRunner.runChild(BlockJUnit4ClassRunner.java:78) [junit-4.12.jar:4.12]
	at org.junit.runners.BlockJUnit4ClassRunner.runChild(BlockJUnit4ClassRunner.java:57) [junit-4.12.jar:4.12]
	at org.junit.runners.ParentRunner$3.run(ParentRunner.java:290) [junit-4.12.jar:4.12]
	at org.junit.runners.ParentRunner$1.schedule(ParentRunner.java:71) [junit-4.12.jar:4.12]
	at org.junit.runners.ParentRunner.runChildren(ParentRunner.java:288) [junit-4.12.jar:4.12]
	at org.junit.runners.ParentRunner.access$000(ParentRunner.java:58) [junit-4.12.jar:4.12]
	at org.junit.runners.ParentRunner$2.evaluate(ParentRunner.java:268) [junit-4.12.jar:4.12]
	at org.junit.internal.runners.statements.RunBefores.evaluate(RunBefores.java:26) [junit-4.12.jar:4.12]
	at org.junit.internal.runners.statements.RunAfters.evaluate(RunAfters.java:27) [junit-4.12.jar:4.12]
	at org.junit.runners.ParentRunner.run(ParentRunner.java:363) [junit-4.12.jar:4.12]
	at org.eclipse.jdt.internal.junit4.runner.JUnit4TestReference.run(JUnit4TestReference.java:50) [.cp/:na]
	at org.eclipse.jdt.internal.junit.runner.TestExecution.run(TestExecution.java:38) [.cp/:na]
	at org.eclipse.jdt.internal.junit.runner.RemoteTestRunner.runTests(RemoteTestRunner.java:467) [.cp/:na]
	at org.eclipse.jdt.internal.junit.runner.RemoteTestRunner.runTests(RemoteTestRunner.java:683) [.cp/:na]
	at org.eclipse.jdt.internal.junit.runner.RemoteTestRunner.run(RemoteTestRunner.java:390) [.cp/:na]
	at org.eclipse.jdt.internal.junit.runner.RemoteTestRunner.main(RemoteTestRunner.java:197) [.cp/:na]
11-25 10:54:50.415 [main] DEBUG c.n.pilot.consumer.CEPDataConsumer.saveResult:182 - saving result.
11-25 10:54:50.739 [main] DEBUG c.n.pilot.consumer.BaseConsumer.saveResult:162 - saved result.
11-25 10:54:50.742 [main] DEBUG c.n.p.consumer.MockCEPDataConsumer.sendAck:33 - send ack.
11-25 10:54:51.242 [main] DEBUG c.n.pilot.consumer.CEPDataConsumer.handleDelivery:60 - telegram:REGIT1000           NICE001OSC001       0900101   001ABCD12341RSCD000120151030111                   
11-25 10:54:51.243 [main] DEBUG com.nicecredit.pilot.util.Utils.parseTelegram:103 - parse completed.
11-25 10:54:51.284 [main] ERROR c.n.pilot.consumer.CEPDataConsumer.handleDelivery:107 - javax.persistence.NoResultException: No entity found for query
javax.persistence.NoResultException: No entity found for query
	at org.hibernate.jpa.internal.QueryImpl.getSingleResult(QueryImpl.java:498) ~[hibernate-entitymanager-4.3.11.Final.jar:4.3.11.Final]
	at com.nicecredit.pilot.consumer.CEPDataConsumer.profiling(CEPDataConsumer.java:171) ~[classes/:na]
	at com.nicecredit.pilot.consumer.CEPDataConsumer.handleDelivery(CEPDataConsumer.java:80) ~[classes/:na]
	at com.nicecredit.pilot.consumer.CEPDataConsumerTest.testHandleDeliveryREGIT(CEPDataConsumerTest.java:121) [test-classes/:na]
	at sun.reflect.NativeMethodAccessorImpl.invoke0(Native Method) ~[na:1.7.0_71]
	at sun.reflect.NativeMethodAccessorImpl.invoke(NativeMethodAccessorImpl.java:57) ~[na:1.7.0_71]
	at sun.reflect.DelegatingMethodAccessorImpl.invoke(DelegatingMethodAccessorImpl.java:43) ~[na:1.7.0_71]
	at java.lang.reflect.Method.invoke(Method.java:606) ~[na:1.7.0_71]
	at org.junit.runners.model.FrameworkMethod$1.runReflectiveCall(FrameworkMethod.java:50) [junit-4.12.jar:4.12]
	at org.junit.internal.runners.model.ReflectiveCallable.run(ReflectiveCallable.java:12) [junit-4.12.jar:4.12]
	at org.junit.runners.model.FrameworkMethod.invokeExplosively(FrameworkMethod.java:47) [junit-4.12.jar:4.12]
	at org.junit.internal.runners.statements.InvokeMethod.evaluate(InvokeMethod.java:17) [junit-4.12.jar:4.12]
	at org.junit.internal.runners.statements.RunBefores.evaluate(RunBefores.java:26) [junit-4.12.jar:4.12]
	at org.junit.internal.runners.statements.RunAfters.evaluate(RunAfters.java:27) [junit-4.12.jar:4.12]
	at org.junit.runners.ParentRunner.runLeaf(ParentRunner.java:325) [junit-4.12.jar:4.12]
	at org.junit.runners.BlockJUnit4ClassRunner.runChild(BlockJUnit4ClassRunner.java:78) [junit-4.12.jar:4.12]
	at org.junit.runners.BlockJUnit4ClassRunner.runChild(BlockJUnit4ClassRunner.java:57) [junit-4.12.jar:4.12]
	at org.junit.runners.ParentRunner$3.run(ParentRunner.java:290) [junit-4.12.jar:4.12]
	at org.junit.runners.ParentRunner$1.schedule(ParentRunner.java:71) [junit-4.12.jar:4.12]
	at org.junit.runners.ParentRunner.runChildren(ParentRunner.java:288) [junit-4.12.jar:4.12]
	at org.junit.runners.ParentRunner.access$000(ParentRunner.java:58) [junit-4.12.jar:4.12]
	at org.junit.runners.ParentRunner$2.evaluate(ParentRunner.java:268) [junit-4.12.jar:4.12]
	at org.junit.internal.runners.statements.RunBefores.evaluate(RunBefores.java:26) [junit-4.12.jar:4.12]
	at org.junit.internal.runners.statements.RunAfters.evaluate(RunAfters.java:27) [junit-4.12.jar:4.12]
	at org.junit.runners.ParentRunner.run(ParentRunner.java:363) [junit-4.12.jar:4.12]
	at org.eclipse.jdt.internal.junit4.runner.JUnit4TestReference.run(JUnit4TestReference.java:50) [.cp/:na]
	at org.eclipse.jdt.internal.junit.runner.TestExecution.run(TestExecution.java:38) [.cp/:na]
	at org.eclipse.jdt.internal.junit.runner.RemoteTestRunner.runTests(RemoteTestRunner.java:467) [.cp/:na]
	at org.eclipse.jdt.internal.junit.runner.RemoteTestRunner.runTests(RemoteTestRunner.java:683) [.cp/:na]
	at org.eclipse.jdt.internal.junit.runner.RemoteTestRunner.run(RemoteTestRunner.java:390) [.cp/:na]
	at org.eclipse.jdt.internal.junit.runner.RemoteTestRunner.main(RemoteTestRunner.java:197) [.cp/:na]
11-25 10:54:51.285 [main] DEBUG c.n.pilot.consumer.CEPDataConsumer.saveResult:182 - saving result.
11-25 10:54:51.571 [main] DEBUG c.n.pilot.consumer.BaseConsumer.saveResult:162 - saved result.
11-25 10:54:51.572 [main] DEBUG c.n.p.consumer.MockCEPDataConsumer.sendAck:33 - send ack.
11-25 10:54:52.073 [main] DEBUG c.n.pilot.consumer.CEPDataConsumer.handleDelivery:60 - telegram:REGIT1000           NICE001OSC001       0900102   001ABCD12341RSCD000120151030111                   
11-25 10:54:52.074 [main] DEBUG com.nicecredit.pilot.util.Utils.parseTelegram:103 - parse completed.
11-25 10:54:52.115 [main] ERROR c.n.pilot.consumer.CEPDataConsumer.handleDelivery:107 - javax.persistence.NoResultException: No entity found for query
javax.persistence.NoResultException: No entity found for query
	at org.hibernate.jpa.internal.QueryImpl.getSingleResult(QueryImpl.java:498) ~[hibernate-entitymanager-4.3.11.Final.jar:4.3.11.Final]
	at com.nicecredit.pilot.consumer.CEPDataConsumer.profiling(CEPDataConsumer.java:171) ~[classes/:na]
	at com.nicecredit.pilot.consumer.CEPDataConsumer.handleDelivery(CEPDataConsumer.java:80) ~[classes/:na]
	at com.nicecredit.pilot.consumer.CEPDataConsumerTest.testHandleDeliveryREGIT(CEPDataConsumerTest.java:121) [test-classes/:na]
	at sun.reflect.NativeMethodAccessorImpl.invoke0(Native Method) ~[na:1.7.0_71]
	at sun.reflect.NativeMethodAccessorImpl.invoke(NativeMethodAccessorImpl.java:57) ~[na:1.7.0_71]
	at sun.reflect.DelegatingMethodAccessorImpl.invoke(DelegatingMethodAccessorImpl.java:43) ~[na:1.7.0_71]
	at java.lang.reflect.Method.invoke(Method.java:606) ~[na:1.7.0_71]
	at org.junit.runners.model.FrameworkMethod$1.runReflectiveCall(FrameworkMethod.java:50) [junit-4.12.jar:4.12]
	at org.junit.internal.runners.model.ReflectiveCallable.run(ReflectiveCallable.java:12) [junit-4.12.jar:4.12]
	at org.junit.runners.model.FrameworkMethod.invokeExplosively(FrameworkMethod.java:47) [junit-4.12.jar:4.12]
	at org.junit.internal.runners.statements.InvokeMethod.evaluate(InvokeMethod.java:17) [junit-4.12.jar:4.12]
	at org.junit.internal.runners.statements.RunBefores.evaluate(RunBefores.java:26) [junit-4.12.jar:4.12]
	at org.junit.internal.runners.statements.RunAfters.evaluate(RunAfters.java:27) [junit-4.12.jar:4.12]
	at org.junit.runners.ParentRunner.runLeaf(ParentRunner.java:325) [junit-4.12.jar:4.12]
	at org.junit.runners.BlockJUnit4ClassRunner.runChild(BlockJUnit4ClassRunner.java:78) [junit-4.12.jar:4.12]
	at org.junit.runners.BlockJUnit4ClassRunner.runChild(BlockJUnit4ClassRunner.java:57) [junit-4.12.jar:4.12]
	at org.junit.runners.ParentRunner$3.run(ParentRunner.java:290) [junit-4.12.jar:4.12]
	at org.junit.runners.ParentRunner$1.schedule(ParentRunner.java:71) [junit-4.12.jar:4.12]
	at org.junit.runners.ParentRunner.runChildren(ParentRunner.java:288) [junit-4.12.jar:4.12]
	at org.junit.runners.ParentRunner.access$000(ParentRunner.java:58) [junit-4.12.jar:4.12]
	at org.junit.runners.ParentRunner$2.evaluate(ParentRunner.java:268) [junit-4.12.jar:4.12]
	at org.junit.internal.runners.statements.RunBefores.evaluate(RunBefores.java:26) [junit-4.12.jar:4.12]
	at org.junit.internal.runners.statements.RunAfters.evaluate(RunAfters.java:27) [junit-4.12.jar:4.12]
	at org.junit.runners.ParentRunner.run(ParentRunner.java:363) [junit-4.12.jar:4.12]
	at org.eclipse.jdt.internal.junit4.runner.JUnit4TestReference.run(JUnit4TestReference.java:50) [.cp/:na]
	at org.eclipse.jdt.internal.junit.runner.TestExecution.run(TestExecution.java:38) [.cp/:na]
	at org.eclipse.jdt.internal.junit.runner.RemoteTestRunner.runTests(RemoteTestRunner.java:467) [.cp/:na]
	at org.eclipse.jdt.internal.junit.runner.RemoteTestRunner.runTests(RemoteTestRunner.java:683) [.cp/:na]
	at org.eclipse.jdt.internal.junit.runner.RemoteTestRunner.run(RemoteTestRunner.java:390) [.cp/:na]
	at org.eclipse.jdt.internal.junit.runner.RemoteTestRunner.main(RemoteTestRunner.java:197) [.cp/:na]
11-25 10:54:52.117 [main] DEBUG c.n.pilot.consumer.CEPDataConsumer.saveResult:182 - saving result.
11-25 10:54:52.427 [main] DEBUG c.n.pilot.consumer.BaseConsumer.saveResult:162 - saved result.
11-25 10:54:52.428 [main] DEBUG c.n.p.consumer.MockCEPDataConsumer.sendAck:33 - send ack.
11-25 11:02:50.955 [DefaultMetadataResolver-0-0] DEBUG o.e.a.c.b.BasicRepositoryConnector.lock:90 - Concurrent download of D:\project\2014_hhi\.m2\repository\com\nice\pilot\cep-rule-dev\1.0.0-SNAPSHOT\maven-metadata-nice-repo.xml.part in progress, awaiting completion
11-25 11:02:51.065 [DefaultMetadataResolver-0-0] DEBUG o.e.a.c.b.BasicRepositoryConnector.runTask:435 - Concurrent download of D:\project\2014_hhi\.m2\repository\com\nice\pilot\cep-rule-dev\1.0.0-SNAPSHOT\maven-metadata-nice-repo.xml just finished, skipping download
11-25 11:02:51.543 [DefaultMetadataResolver-1-3] DEBUG o.e.a.c.b.BasicRepositoryConnector.lock:90 - Concurrent download of D:\project\2014_hhi\.m2\repository\com\nice\pilot\pilot-rule-dev\1.0.0-SNAPSHOT\maven-metadata-nice-repo.xml.part in progress, awaiting completion
11-25 11:02:51.645 [DefaultMetadataResolver-1-3] DEBUG o.e.a.c.b.BasicRepositoryConnector.runTask:435 - Concurrent download of D:\project\2014_hhi\.m2\repository\com\nice\pilot\pilot-rule-dev\1.0.0-SNAPSHOT\maven-metadata-nice-repo.xml just finished, skipping download
11-25 11:02:53.355 [main] DEBUG o.j.p.c.impl.DataTransformerRegistry.<init>:88 - Registered scripting language http://www.java.com/js with instance org.jbpm.process.core.transformation.JavaScriptingDataTransformer@57101f99
11-25 11:02:53.358 [main] DEBUG o.j.p.c.impl.DataTransformerRegistry.<init>:88 - Registered scripting language http://www.java.com/rhino with instance org.jbpm.process.core.transformation.JavaScriptingDataTransformer@57101f99
11-25 11:02:53.358 [main] DEBUG o.j.p.c.impl.DataTransformerRegistry.<init>:88 - Registered scripting language http://www.java.com/JavaScript with instance org.jbpm.process.core.transformation.JavaScriptingDataTransformer@57101f99
11-25 11:02:53.359 [main] DEBUG o.j.p.c.impl.DataTransformerRegistry.<init>:88 - Registered scripting language http://www.java.com/javascript with instance org.jbpm.process.core.transformation.JavaScriptingDataTransformer@57101f99
11-25 11:02:53.359 [main] DEBUG o.j.p.c.impl.DataTransformerRegistry.<init>:88 - Registered scripting language http://www.java.com/ECMAScript with instance org.jbpm.process.core.transformation.JavaScriptingDataTransformer@57101f99
11-25 11:02:53.359 [main] DEBUG o.j.p.c.impl.DataTransformerRegistry.<init>:88 - Registered scripting language http://www.java.com/ecmascript with instance org.jbpm.process.core.transformation.JavaScriptingDataTransformer@57101f99
11-25 11:02:56.854 [main] DEBUG c.n.pilot.consumer.CEPDataConsumer.handleDelivery:61 - telegram:REGIT1000           NICE001OSC001       0900100   001ABCD12341RSCD000120151030111                   
11-25 11:02:56.857 [main] DEBUG com.nicecredit.pilot.util.Utils.parseTelegram:103 - parse completed.
11-25 11:02:56.871 [main] DEBUG org.jboss.logging.find:33 - Logging Provider: org.jboss.logging.Slf4jLoggerProvider
11-25 11:02:58.838 [main] DEBUG org.apache.ibatis.logging.LogFactory.setImplementation:135 - Logging initialized using 'class org.apache.ibatis.logging.slf4j.Slf4jImpl' adapter.
11-25 11:02:58.951 [main] DEBUG o.a.i.d.pooled.PooledDataSource.forceCloseAll:316 - PooledDataSource forcefully closed/removed all connections.
11-25 11:02:58.952 [main] DEBUG o.a.i.d.pooled.PooledDataSource.forceCloseAll:316 - PooledDataSource forcefully closed/removed all connections.
11-25 11:02:58.952 [main] DEBUG o.a.i.d.pooled.PooledDataSource.forceCloseAll:316 - PooledDataSource forcefully closed/removed all connections.
11-25 11:02:58.953 [main] DEBUG o.a.i.d.pooled.PooledDataSource.forceCloseAll:316 - PooledDataSource forcefully closed/removed all connections.
11-25 11:02:59.292 [main] DEBUG c.n.pilot.consumer.CEPDataConsumer.saveTelegram:131 - saving telegram.
11-25 11:02:59.760 [main] DEBUG c.n.pilot.consumer.BaseConsumer.saveTelegram:116 - saved telegram.
11-25 11:03:00.070 [main] DEBUG c.n.pilot.rule.CEPRuleExecutor.execute:66 - ------- result of cep -----
11-25 11:03:00.071 [main] DEBUG c.n.pilot.rule.CEPRuleExecutor.execute:67 - 전문코드: REGIT, wphone: null, mphone: null, addr: null
11-25 11:03:00.071 [main] DEBUG c.n.pilot.consumer.CEPDataConsumer.saveResult:196 - saving result.
11-25 11:03:00.196 [main] DEBUG c.n.pilot.consumer.BaseConsumer.saveResult:162 - saved result.
11-25 11:03:00.197 [main] DEBUG c.n.p.consumer.MockCEPDataConsumer.sendAck:33 - send ack.
11-25 11:03:00.697 [main] DEBUG c.n.pilot.consumer.CEPDataConsumer.handleDelivery:61 - telegram:REGIT1000           NICE001OSC001       0900101   001ABCD12341RSCD000120151030111                   
11-25 11:03:00.698 [main] DEBUG com.nicecredit.pilot.util.Utils.parseTelegram:103 - parse completed.
11-25 11:03:00.824 [main] DEBUG c.n.pilot.consumer.CEPDataConsumer.saveTelegram:131 - saving telegram.
11-25 11:03:01.243 [main] DEBUG c.n.pilot.consumer.BaseConsumer.saveTelegram:116 - saved telegram.
11-25 11:03:01.249 [main] DEBUG c.n.pilot.rule.CEPRuleExecutor.execute:66 - ------- result of cep -----
11-25 11:03:01.250 [main] DEBUG c.n.pilot.rule.CEPRuleExecutor.execute:67 - 전문코드: REGIT, wphone: 000W, mphone: null, addr: null
11-25 11:03:01.250 [main] DEBUG c.n.pilot.consumer.CEPDataConsumer.saveResult:196 - saving result.
11-25 11:03:01.449 [main] DEBUG c.n.pilot.consumer.BaseConsumer.saveResult:162 - saved result.
11-25 11:03:01.450 [main] DEBUG c.n.p.consumer.MockCEPDataConsumer.sendAck:33 - send ack.
11-25 11:03:01.951 [main] DEBUG c.n.pilot.consumer.CEPDataConsumer.handleDelivery:61 - telegram:REGIT1000           NICE001OSC001       0900102   001ABCD12341RSCD000120151030111                   
11-25 11:03:01.952 [main] DEBUG com.nicecredit.pilot.util.Utils.parseTelegram:103 - parse completed.
11-25 11:03:02.075 [main] DEBUG c.n.pilot.consumer.CEPDataConsumer.saveTelegram:131 - saving telegram.
11-25 11:03:02.493 [main] DEBUG c.n.pilot.consumer.BaseConsumer.saveTelegram:116 - saved telegram.
11-25 11:03:02.501 [main] DEBUG c.n.pilot.rule.CEPRuleExecutor.execute:66 - ------- result of cep -----
11-25 11:03:02.502 [main] DEBUG c.n.pilot.rule.CEPRuleExecutor.execute:67 - 전문코드: REGIT, wphone: 000W, mphone: null, addr: null
11-25 11:03:02.502 [main] DEBUG c.n.pilot.consumer.CEPDataConsumer.saveResult:196 - saving result.
11-25 11:03:02.680 [main] DEBUG c.n.pilot.consumer.BaseConsumer.saveResult:162 - saved result.
11-25 11:03:02.681 [main] DEBUG c.n.p.consumer.MockCEPDataConsumer.sendAck:33 - send ack.
